INFO [12-03|14:35:36.706] Maximum peer count                       ETH=50 LES=0 total=50
INFO [12-03|14:35:36.953] Starting peer-to-peer node               instance=Geth/v1.9.6-stable-bd059680/windows-amd64/go1.13
INFO [12-03|14:35:36.953] Allocated trie memory caches             clean=256.00MiB dirty=256.00MiB
INFO [12-03|14:35:36.953] Allocated cache and file handles         database=C:\\Users\\thddn\\AppData\\Local\\Ethereum\\geth\\chaindata cache=512.00MiB handles=8192
INFO [12-03|14:35:36.996] Opened ancient database                  database=C:\\Users\\thddn\\AppData\\Local\\Ethereum\\geth\\chaindata\\ancient
INFO [12-03|14:35:36.999] Initialised chain configuration          config="{ChainID: 15 Homestead: 0 DAO: <nil> DAOSupport: false EIP150: <nil> EIP155: 15 EIP158: 0 Byzantium: <nil> Constantinople: <nil> Petersburg: <nil> Istanbul: <nil> Engine: unknown}"
INFO [12-03|14:35:36.999] Disk storage enabled for ethash caches   dir=C:\\Users\\thddn\\AppData\\Local\\Ethereum\\geth\\ethash count=3
INFO [12-03|14:35:36.999] Disk storage enabled for ethash DAGs     dir=C:\\Users\\thddn\\AppData\\Local\\Ethash count=2
INFO [12-03|14:35:36.999] Initialising Ethereum protocol           versions=[63] network=15 dbversion=7
INFO [12-03|14:35:37.065] Loaded most recent local header          number=76 hash=1002d9…fad6d4 td=10145396 age=6d21h19m
INFO [12-03|14:35:37.065] Loaded most recent local full block      number=76 hash=1002d9…fad6d4 td=10145396 age=6d21h19m
INFO [12-03|14:35:37.065] Loaded most recent local fast block      number=76 hash=1002d9…fad6d4 td=10145396 age=6d21h19m
INFO [12-03|14:35:37.066] Loaded local transaction journal         transactions=0 dropped=0
INFO [12-03|14:35:37.071] Regenerated local transaction journal    transactions=0 accounts=0
WARN [12-03|14:35:37.071] Switch sync mode from fast sync to full sync 
INFO [12-03|14:35:37.109] New local node record                    seq=4 id=c83ad699d583129b ip=127.0.0.1 udp=0 tcp=30303
INFO [12-03|14:35:37.109] Started P2P networking                   self="enode://1897a27c8e6257440f90606af9ef0818ca5e6fd25e733e6690b32ecd19a883a39379841e83cd4a122adba335099103c8f003316e6abcbb824ccce36fbd581fa9@127.0.0.1:30303?discport=0"
INFO [12-03|14:35:37.109] IPC endpoint opened                      url=\\\\.\\pipe\\geth.ipc
INFO [12-03|14:35:37.111] HTTP endpoint opened                     url=http://0.0.0.0:8545   cors=* vhosts=localhost
INFO [12-03|14:35:37.221] Etherbase automatically configured       address=0xF912eab5d7CFCb3F762CA5F53C057Ca360b9dc45
INFO [12-03|14:36:59.604] Updated mining threads                   threads=8
INFO [12-03|14:36:59.604] Transaction pool price threshold updated price=1000000000
INFO [12-03|14:36:59.605] Commit new mining work                   number=77 sealhash=c072b6…c5954a uncles=0 txs=0 gas=0 fees=0 elapsed=0s
INFO [12-03|14:37:20.639] Successfully sealed new block            number=77 sealhash=c072b6…c5954a hash=6aea93…877e9a elapsed=21.033s
INFO [12-03|14:37:20.647] 🔨 mined potential block                  number=77 hash=6aea93…877e9a
INFO [12-03|14:37:20.657] Commit new mining work                   number=78 sealhash=c603e5…f5907f uncles=0 txs=0 gas=0 fees=0 elapsed=9.002ms
INFO [12-03|14:37:22.355] Successfully sealed new block            number=78 sealhash=c603e5…f5907f hash=124ea8…634929 elapsed=1.698s
INFO [12-03|14:37:22.358] 🔨 mined potential block                  number=78 hash=124ea8…634929
INFO [12-03|14:37:22.359] Commit new mining work                   number=79 sealhash=141072…fa67c5 uncles=0 txs=0 gas=0 fees=0 elapsed=1.999ms
INFO [12-03|14:37:22.485] Successfully sealed new block            number=79 sealhash=141072…fa67c5 hash=98eb6e…bd439a elapsed=126.013ms
INFO [12-03|14:37:22.485] 🔨 mined potential block                  number=79 hash=98eb6e…bd439a
INFO [12-03|14:37:22.486] Commit new mining work                   number=80 sealhash=a15554…a2a149 uncles=0 txs=0 gas=0 fees=0 elapsed=995.9µs
INFO [12-03|14:37:22.932] Successfully sealed new block            number=80 sealhash=a15554…a2a149 hash=293bdb…080a71 elapsed=446.034ms
INFO [12-03|14:37:22.932] 🔨 mined potential block                  number=80 hash=293bdb…080a71
INFO [12-03|14:37:22.932] Mining too far in the future             wait=2s
INFO [12-03|14:37:24.933] Commit new mining work                   number=81 sealhash=4d9a68…1aaa28 uncles=0 txs=0 gas=0 fees=0 elapsed=2.001s
INFO [12-03|14:37:25.236] Successfully sealed new block            number=81 sealhash=4d9a68…1aaa28 hash=b096de…1b000a elapsed=303.026ms
INFO [12-03|14:37:25.236] 🔨 mined potential block                  number=81 hash=b096de…1b000a
INFO [12-03|14:37:25.237] Commit new mining work                   number=82 sealhash=ff4d54…1b03a0 uncles=0 txs=0 gas=0 fees=0 elapsed=998µs
INFO [12-03|14:37:25.745] Successfully sealed new block            number=82 sealhash=ff4d54…1b03a0 hash=fbcf25…f9a7c0 elapsed=508.041ms
INFO [12-03|14:37:25.745] 🔨 mined potential block                  number=82 hash=fbcf25…f9a7c0
INFO [12-03|14:37:25.746] Commit new mining work                   number=83 sealhash=17759f…377d33 uncles=0 txs=0 gas=0 fees=0 elapsed=995.9µs
INFO [12-03|14:37:25.997] Successfully sealed new block            number=83 sealhash=17759f…377d33 hash=db097a…71110e elapsed=251.022ms
INFO [12-03|14:37:25.998] 🔨 mined potential block                  number=83 hash=db097a…71110e
INFO [12-03|14:37:25.998] Mining too far in the future             wait=2s
WARN [12-03|14:37:55.440] Failed account unlock attempt            address=0xF912eab5d7CFCb3F762CA5F53C057Ca360b9dc45 err="could not decrypt key with given password"
WARN [12-03|14:37:55.441] Served personal_unlockAccount            reqid=21 t=825.0716ms err="could not decrypt key with given password"
INFO [12-03|15:35:37.086] Regenerated local transaction journal    transactions=0 accounts=0
INFO [12-03|16:35:37.084] Regenerated local transaction journal    transactions=0 accounts=0
INFO [12-03|18:02:46.651] Regenerated local transaction journal    transactions=0 accounts=0
INFO [12-03|18:35:37.077] Regenerated local transaction journal    transactions=0 accounts=0
INFO [12-03|19:35:37.088] Regenerated local transaction journal    transactions=0 accounts=0
INFO [12-03|20:35:37.079] Regenerated local transaction journal    transactions=0 accounts=0
INFO [12-03|21:35:37.080] Regenerated local transaction journal    transactions=0 accounts=0
INFO [12-03|22:35:37.079] Regenerated local transaction journal    transactions=0 accounts=0
INFO [12-04|00:23:33.529] Regenerated local transaction journal    transactions=0 accounts=0
INFO [12-04|03:26:48.047] Regenerated local transaction journal    transactions=0 accounts=0
INFO [12-04|09:29:41.407] Regenerated local transaction journal    transactions=0 accounts=0
INFO [12-04|09:35:37.077] Regenerated local transaction journal    transactions=0 accounts=0
INFO [12-04|10:26:37.318] HTTP endpoint closed                     url=http://0.0.0.0:8545
INFO [12-04|10:26:37.320] IPC endpoint closed                      url=\\\\.\\pipe\\geth.ipc
INFO [12-04|10:26:37.325] Writing cached state to disk             block=83 hash=db097a…71110e root=d846e1…1ff880
INFO [12-04|10:26:37.334] Persisted trie from memory database      nodes=1 size=149.00B time=7.0006ms gcnodes=0 gcsize=0.00B gctime=0s livenodes=7 livesize=894.00B
INFO [12-04|10:26:37.335] Writing cached state to disk             block=82 hash=fbcf25…f9a7c0 root=629cac…ee4830
INFO [12-04|10:26:37.336] Persisted trie from memory database      nodes=1 size=149.00B time=999.7µs  gcnodes=0 gcsize=0.00B gctime=0s livenodes=6 livesize=745.00B
INFO [12-04|10:26:37.338] Blockchain manager stopped 
INFO [12-04|10:26:37.338] Stopping Ethereum protocol 
INFO [12-04|10:26:37.339] Ethereum protocol stopped 
INFO [12-04|10:26:37.339] Transaction pool stopped 
INFO [12-04|10:51:07.842] Maximum peer count                       ETH=50 LES=0 total=50
INFO [12-04|10:51:08.277] Starting peer-to-peer node               instance=Geth/v1.9.6-stable-bd059680/windows-amd64/go1.13
INFO [12-04|10:51:08.277] Allocated trie memory caches             clean=256.00MiB dirty=256.00MiB
INFO [12-04|10:51:08.277] Allocated cache and file handles         database=C:\\Users\\thddn\\AppData\\Local\\Ethereum\\geth\\chaindata cache=512.00MiB handles=8192
INFO [12-04|10:51:08.343] Opened ancient database                  database=C:\\Users\\thddn\\AppData\\Local\\Ethereum\\geth\\chaindata\\ancient
INFO [12-04|10:51:08.345] Initialised chain configuration          config="{ChainID: 15 Homestead: 0 DAO: <nil> DAOSupport: false EIP150: <nil> EIP155: 15 EIP158: 0 Byzantium: <nil> Constantinople: <nil> Petersburg: <nil> Istanbul: <nil> Engine: unknown}"
INFO [12-04|10:51:08.345] Disk storage enabled for ethash caches   dir=C:\\Users\\thddn\\AppData\\Local\\Ethereum\\geth\\ethash count=3
INFO [12-04|10:51:08.345] Disk storage enabled for ethash DAGs     dir=C:\\Users\\thddn\\AppData\\Local\\Ethash count=2
INFO [12-04|10:51:08.345] Initialising Ethereum protocol           versions=[63] network=15 dbversion=7
INFO [12-04|10:51:08.436] Loaded most recent local header          number=83 hash=db097a…71110e td=11063860 age=20h13m42s
INFO [12-04|10:51:08.436] Loaded most recent local full block      number=83 hash=db097a…71110e td=11063860 age=20h13m42s
INFO [12-04|10:51:08.436] Loaded most recent local fast block      number=83 hash=db097a…71110e td=11063860 age=20h13m42s
INFO [12-04|10:51:08.438] Loaded local transaction journal         transactions=0 dropped=0
INFO [12-04|10:51:08.445] Regenerated local transaction journal    transactions=0 accounts=0
WARN [12-04|10:51:08.445] Switch sync mode from fast sync to full sync 
INFO [12-04|10:51:08.513] New local node record                    seq=6 id=c83ad699d583129b ip=127.0.0.1 udp=0 tcp=30303
INFO [12-04|10:51:08.514] Started P2P networking                   self="enode://1897a27c8e6257440f90606af9ef0818ca5e6fd25e733e6690b32ecd19a883a39379841e83cd4a122adba335099103c8f003316e6abcbb824ccce36fbd581fa9@127.0.0.1:30303?discport=0"
INFO [12-04|10:51:08.515] IPC endpoint opened                      url=\\\\.\\pipe\\geth.ipc
INFO [12-04|10:51:08.533] IPC endpoint closed                      url=\\\\.\\pipe\\geth.ipc
INFO [12-04|10:51:08.534] Writing cached state to disk             block=83 hash=db097a…71110e root=d846e1…1ff880
INFO [12-04|10:51:08.534] Persisted trie from memory database      nodes=0 size=0.00B time=0s gcnodes=0 gcsize=0.00B gctime=0s livenodes=1 livesize=0.00B
INFO [12-04|10:51:08.534] Writing cached state to disk             block=82 hash=fbcf25…f9a7c0 root=629cac…ee4830
INFO [12-04|10:51:08.534] Persisted trie from memory database      nodes=0 size=0.00B time=0s gcnodes=0 gcsize=0.00B gctime=0s livenodes=1 livesize=0.00B
INFO [12-04|10:51:08.534] Blockchain manager stopped 
INFO [12-04|10:51:08.534] Stopping Ethereum protocol 
INFO [12-04|10:51:08.534] Ethereum protocol stopped 
INFO [12-04|10:51:08.534] Transaction pool stopped 
INFO [12-04|10:53:38.034] Maximum peer count                       ETH=50 LES=0 total=50
INFO [12-04|10:53:38.354] Starting peer-to-peer node               instance=Geth/v1.9.6-stable-bd059680/windows-amd64/go1.13
INFO [12-04|10:53:38.354] Allocated trie memory caches             clean=256.00MiB dirty=256.00MiB
INFO [12-04|10:53:38.355] Allocated cache and file handles         database=C:\\Users\\thddn\\AppData\\Local\\Ethereum\\geth\\chaindata cache=512.00MiB handles=8192
INFO [12-04|10:53:38.415] Opened ancient database                  database=C:\\Users\\thddn\\AppData\\Local\\Ethereum\\geth\\chaindata\\ancient
INFO [12-04|10:53:38.419] Initialised chain configuration          config="{ChainID: 15 Homestead: 0 DAO: <nil> DAOSupport: false EIP150: <nil> EIP155: 15 EIP158: 0 Byzantium: <nil> Constantinople: <nil> Petersburg: <nil> Istanbul: <nil> Engine: unknown}"
INFO [12-04|10:53:38.419] Disk storage enabled for ethash caches   dir=C:\\Users\\thddn\\AppData\\Local\\Ethereum\\geth\\ethash count=3
INFO [12-04|10:53:38.419] Disk storage enabled for ethash DAGs     dir=C:\\Users\\thddn\\AppData\\Local\\Ethash count=2
INFO [12-04|10:53:38.419] Initialising Ethereum protocol           versions=[63] network=15 dbversion=7
INFO [12-04|10:53:38.512] Loaded most recent local header          number=83 hash=db097a…71110e td=11063860 age=20h16m12s
INFO [12-04|10:53:38.512] Loaded most recent local full block      number=83 hash=db097a…71110e td=11063860 age=20h16m12s
INFO [12-04|10:53:38.512] Loaded most recent local fast block      number=83 hash=db097a…71110e td=11063860 age=20h16m12s
INFO [12-04|10:53:38.514] Loaded local transaction journal         transactions=0 dropped=0
INFO [12-04|10:53:38.522] Regenerated local transaction journal    transactions=0 accounts=0
WARN [12-04|10:53:38.522] Switch sync mode from fast sync to full sync 
INFO [12-04|10:53:38.576] New local node record                    seq=7 id=c83ad699d583129b ip=127.0.0.1 udp=0 tcp=30303
INFO [12-04|10:53:38.576] Started P2P networking                   self="enode://1897a27c8e6257440f90606af9ef0818ca5e6fd25e733e6690b32ecd19a883a39379841e83cd4a122adba335099103c8f003316e6abcbb824ccce36fbd581fa9@127.0.0.1:30303?discport=0"
INFO [12-04|10:53:38.578] IPC endpoint opened                      url=\\\\.\\pipe\\geth.ipc
INFO [12-04|10:53:38.597] IPC endpoint closed                      url=\\\\.\\pipe\\geth.ipc
INFO [12-04|10:53:38.597] Writing cached state to disk             block=83 hash=db097a…71110e root=d846e1…1ff880
INFO [12-04|10:53:38.597] Persisted trie from memory database      nodes=0 size=0.00B time=0s gcnodes=0 gcsize=0.00B gctime=0s livenodes=1 livesize=0.00B
INFO [12-04|10:53:38.598] Writing cached state to disk             block=82 hash=fbcf25…f9a7c0 root=629cac…ee4830
INFO [12-04|10:53:38.598] Persisted trie from memory database      nodes=0 size=0.00B time=0s gcnodes=0 gcsize=0.00B gctime=0s livenodes=1 livesize=0.00B
INFO [12-04|10:53:38.598] Blockchain manager stopped 
INFO [12-04|10:53:38.598] Stopping Ethereum protocol 
INFO [12-04|10:53:38.598] Ethereum protocol stopped 
INFO [12-04|10:53:38.598] Transaction pool stopped 
INFO [12-04|10:59:30.854] Maximum peer count                       ETH=50 LES=0 total=50
INFO [12-04|10:59:31.260] Starting peer-to-peer node               instance=Geth/v1.9.6-stable-bd059680/windows-amd64/go1.13
INFO [12-04|10:59:31.260] Allocated trie memory caches             clean=256.00MiB dirty=256.00MiB
INFO [12-04|10:59:31.261] Allocated cache and file handles         database=C:\\Users\\thddn\\AppData\\Local\\Ethereum\\geth\\chaindata cache=512.00MiB handles=8192
INFO [12-04|10:59:31.329] Opened ancient database                  database=C:\\Users\\thddn\\AppData\\Local\\Ethereum\\geth\\chaindata\\ancient
INFO [12-04|10:59:31.333] Initialised chain configuration          config="{ChainID: 15 Homestead: 0 DAO: <nil> DAOSupport: false EIP150: <nil> EIP155: 15 EIP158: 0 Byzantium: <nil> Constantinople: <nil> Petersburg: <nil> Istanbul: <nil> Engine: unknown}"
INFO [12-04|10:59:31.333] Disk storage enabled for ethash caches   dir=C:\\Users\\thddn\\AppData\\Local\\Ethereum\\geth\\ethash count=3
INFO [12-04|10:59:31.333] Disk storage enabled for ethash DAGs     dir=C:\\Users\\thddn\\AppData\\Local\\Ethash count=2
INFO [12-04|10:59:31.333] Initialising Ethereum protocol           versions=[63] network=15 dbversion=7
INFO [12-04|10:59:31.449] Loaded most recent local header          number=83 hash=db097a…71110e td=11063860 age=20h22m5s
INFO [12-04|10:59:31.450] Loaded most recent local full block      number=83 hash=db097a…71110e td=11063860 age=20h22m5s
INFO [12-04|10:59:31.450] Loaded most recent local fast block      number=83 hash=db097a…71110e td=11063860 age=20h22m5s
INFO [12-04|10:59:31.452] Loaded local transaction journal         transactions=0 dropped=0
INFO [12-04|10:59:31.460] Regenerated local transaction journal    transactions=0 accounts=0
WARN [12-04|10:59:31.460] Switch sync mode from fast sync to full sync 
INFO [12-04|10:59:31.523] New local node record                    seq=8 id=c83ad699d583129b ip=127.0.0.1 udp=0 tcp=30303
INFO [12-04|10:59:31.524] Started P2P networking                   self="enode://1897a27c8e6257440f90606af9ef0818ca5e6fd25e733e6690b32ecd19a883a39379841e83cd4a122adba335099103c8f003316e6abcbb824ccce36fbd581fa9@127.0.0.1:30303?discport=0"
INFO [12-04|10:59:31.525] IPC endpoint opened                      url=\\\\.\\pipe\\geth.ipc
INFO [12-04|10:59:31.527] HTTP endpoint opened                     url=http://0.0.0.0:8545   cors=* vhosts=localhost
INFO [12-04|10:59:31.707] Etherbase automatically configured       address=0xF912eab5d7CFCb3F762CA5F53C057Ca360b9dc45
INFO [12-04|11:59:31.472] Regenerated local transaction journal    transactions=0 accounts=0
INFO [12-04|12:59:31.478] Regenerated local transaction journal    transactions=0 accounts=0
INFO [12-04|13:59:31.470] Regenerated local transaction journal    transactions=0 accounts=0
WARN [12-04|14:42:17.141] Failed account unlock attempt            address=0xf28F4F34d43aB9B9b999c1A241a5277566632AC4 err="no key for given address or file"
WARN [12-04|14:42:17.145] Served personal_unlockAccount            conn=[::1]:62122 reqid=2 t=25.9975ms err="no key for given address or file"
INFO [12-04|14:42:29.917] Setting new local account                address=0xF912eab5d7CFCb3F762CA5F53C057Ca360b9dc45
INFO [12-04|14:42:29.918] Submitted transaction                    fullhash=0x9a07dbd667fb468e05f10acf5091b4b164b5534594b2d2597e8a823251c0c7ab recipient=0x47cDF0e64E5FD1B8D824A7465874B569251Dae19
INFO [12-04|14:42:38.943] Updated mining threads                   threads=8
INFO [12-04|14:42:38.944] Transaction pool price threshold updated price=1000000000
INFO [12-04|14:42:38.945] Commit new mining work                   number=84 sealhash=ba8dcf…8a7287 uncles=0 txs=0 gas=0 fees=0 elapsed=1.000ms
INFO [12-04|14:42:38.946] Commit new mining work                   number=84 sealhash=07071d…42647b uncles=0 txs=1 gas=22552 fees=2.2552e-05 elapsed=2.000ms
WARN [12-04|14:44:59.255] Failed account unlock attempt            address=0xf28F4F34d43aB9B9b999c1A241a5277566632AC4 err="no key for given address or file"
WARN [12-04|14:44:59.256] Served personal_unlockAccount            conn=[::1]:62243 reqid=2 t=1.0009ms  err="no key for given address or file"
INFO [12-04|14:55:44.432] Submitted contract creation              fullhash=0x43a1546f59fd42ca5bf84b140546a1e259e91df5300499131afd75bb2648b943 contract=0x8C4CdD66BaC9d8A07CA79C4212DEBC1eE1222164
INFO [12-04|14:55:53.182] Updated mining threads                   threads=8
INFO [12-04|14:55:53.183] Transaction pool price threshold updated price=1000000000
INFO [12-04|14:55:53.192] Commit new mining work                   number=84 sealhash=730603…6f9a6d uncles=0 txs=0 gas=0     fees=0          elapsed=5.976ms
INFO [12-04|14:55:53.193] Commit new mining work                   number=84 sealhash=a63679…4f230f uncles=0 txs=2 gas=523799 fees=0.000523799 elapsed=6.510ms
INFO [12-04|14:56:03.341] Successfully sealed new block            number=84 sealhash=a63679…4f230f hash=027deb…6fb068 elapsed=10.147s
INFO [12-04|14:56:03.341] 🔨 mined potential block                  number=84 hash=027deb…6fb068
INFO [12-04|14:56:03.341] Commit new mining work                   number=85 sealhash=c2780e…fbceac uncles=0 txs=0 gas=0      fees=0           elapsed=0s
INFO [12-04|14:56:03.867] Successfully sealed new block            number=85 sealhash=c2780e…fbceac hash=6c33bf…736429 elapsed=526.039ms
INFO [12-04|14:56:03.868] 🔨 mined potential block                  number=85 hash=6c33bf…736429
INFO [12-04|14:56:03.868] Commit new mining work                   number=86 sealhash=7ab101…be68ee uncles=0 txs=0 gas=0      fees=0           elapsed=0s
INFO [12-04|14:56:04.128] Successfully sealed new block            number=86 sealhash=7ab101…be68ee hash=7e1d55…122d84 elapsed=260.018ms
INFO [12-04|14:56:04.128] 🔨 mined potential block                  number=86 hash=7e1d55…122d84
INFO [12-04|14:56:04.128] Commit new mining work                   number=87 sealhash=9cb908…14244d uncles=0 txs=0 gas=0      fees=0           elapsed=0s
INFO [12-04|14:56:05.266] Successfully sealed new block            number=87 sealhash=9cb908…14244d hash=dd0b2a…d5fd15 elapsed=1.138s
INFO [12-04|14:56:05.266] 🔨 mined potential block                  number=87 hash=dd0b2a…d5fd15
INFO [12-04|14:56:05.267] Commit new mining work                   number=88 sealhash=f5e932…5e32f3 uncles=0 txs=0 gas=0      fees=0           elapsed=1.000ms
INFO [12-04|14:56:06.090] Successfully sealed new block            number=88 sealhash=f5e932…5e32f3 hash=811652…b2e462 elapsed=823.145ms
INFO [12-04|14:56:06.091] 🔨 mined potential block                  number=88 hash=811652…b2e462
INFO [12-04|14:56:06.091] Commit new mining work                   number=89 sealhash=1570e1…8ddb79 uncles=0 txs=0 gas=0      fees=0           elapsed=0s
INFO [12-04|14:56:06.232] Successfully sealed new block            number=89 sealhash=1570e1…8ddb79 hash=b3e7b2…6a887c elapsed=141.012ms
INFO [12-04|14:56:06.232] 🔨 mined potential block                  number=89 hash=b3e7b2…6a887c
INFO [12-04|14:56:06.232] Mining too far in the future             wait=2s
INFO [12-04|14:56:08.233] Commit new mining work                   number=90 sealhash=1b212a…bbf28a uncles=0 txs=0 gas=0      fees=0           elapsed=2.001s
INFO [12-04|14:56:09.126] Successfully sealed new block            number=90 sealhash=1b212a…bbf28a hash=24643b…8e1348 elapsed=893.206ms
INFO [12-04|14:56:09.126] 🔨 mined potential block                  number=90 hash=24643b…8e1348
INFO [12-04|14:56:09.126] Commit new mining work                   number=91 sealhash=b84b24…252b01 uncles=0 txs=0 gas=0      fees=0           elapsed=0s
INFO [12-04|14:56:09.452] Successfully sealed new block            number=91 sealhash=b84b24…252b01 hash=c4deb5…7b744d elapsed=325.542ms
INFO [12-04|14:56:09.452] 🔗 block reached canonical chain          number=84 hash=027deb…6fb068
INFO [12-04|14:56:09.452] 🔨 mined potential block                  number=91 hash=c4deb5…7b744d
INFO [12-04|14:56:09.453] Commit new mining work                   number=92 sealhash=48b267…8fa6a6 uncles=0 txs=0 gas=0      fees=0           elapsed=995.7µs
INFO [12-04|14:56:09.473] Successfully sealed new block            number=92 sealhash=48b267…8fa6a6 hash=4cf18c…68d0cf elapsed=21.269ms
INFO [12-04|14:56:09.473] 🔗 block reached canonical chain          number=85 hash=6c33bf…736429
INFO [12-04|14:56:09.473] Mining too far in the future             wait=2s
INFO [12-04|14:56:09.473] 🔨 mined potential block                  number=92 hash=4cf18c…68d0cf
INFO [12-04|14:58:15.581] Submitted transaction                    fullhash=0xa212a9d089121bf5180a8b06f797970c5b50334e3db94f66ebdfeb7afac8cea3 recipient=0x8C4CdD66BaC9d8A07CA79C4212DEBC1eE1222164
INFO [12-04|14:58:22.354] Updated mining threads                   threads=8
INFO [12-04|14:58:22.354] Transaction pool price threshold updated price=1000000000
INFO [12-04|14:58:22.355] Commit new mining work                   number=93 sealhash=e65a3a…f17f90 uncles=0 txs=0 gas=0      fees=0           elapsed=1.001ms
INFO [12-04|14:58:22.356] Commit new mining work                   number=93 sealhash=2e436f…23874e uncles=0 txs=1 gas=51602  fees=5.1602e-05  elapsed=1.001ms
INFO [12-04|14:58:22.436] Successfully sealed new block            number=93 sealhash=2e436f…23874e hash=311b79…78db76 elapsed=81.007ms
INFO [12-04|14:58:22.436] 🔗 block reached canonical chain          number=86 hash=7e1d55…122d84
INFO [12-04|14:58:22.436] 🔨 mined potential block                  number=93 hash=311b79…78db76
INFO [12-04|14:58:22.437] Commit new mining work                   number=94 sealhash=847a89…73c61b uncles=0 txs=0 gas=0      fees=0           elapsed=997µs
INFO [12-04|14:58:23.478] Successfully sealed new block            number=94 sealhash=847a89…73c61b hash=abb524…2003d4 elapsed=1.041s
INFO [12-04|14:58:23.478] 🔗 block reached canonical chain          number=87 hash=dd0b2a…d5fd15
INFO [12-04|14:58:23.478] 🔨 mined potential block                  number=94 hash=abb524…2003d4
INFO [12-04|14:58:23.479] Commit new mining work                   number=95 sealhash=c39082…00808b uncles=0 txs=0 gas=0      fees=0           elapsed=995.9µs
INFO [12-04|14:58:25.708] Successfully sealed new block            number=95 sealhash=c39082…00808b hash=ba5e2a…1f9702 elapsed=2.229s
INFO [12-04|14:58:25.708] 🔗 block reached canonical chain          number=88 hash=811652…b2e462
INFO [12-04|14:58:25.708] 🔨 mined potential block                  number=95 hash=ba5e2a…1f9702
INFO [12-04|14:58:25.708] Commit new mining work                   number=96 sealhash=9902f2…c44cbb uncles=0 txs=0 gas=0      fees=0           elapsed=0s
INFO [12-04|14:58:25.842] Successfully sealed new block            number=96 sealhash=9902f2…c44cbb hash=4e8db9…53eaab elapsed=133.574ms
INFO [12-04|14:58:25.842] 🔗 block reached canonical chain          number=89 hash=b3e7b2…6a887c
INFO [12-04|14:58:25.842] 🔨 mined potential block                  number=96 hash=4e8db9…53eaab
INFO [12-04|14:58:25.842] Commit new mining work                   number=97 sealhash=58eaa3…b4aee6 uncles=0 txs=0 gas=0      fees=0           elapsed=0s
INFO [12-04|14:58:26.234] Successfully sealed new block            number=97 sealhash=58eaa3…b4aee6 hash=e27ac0…a5f641 elapsed=391.624ms
INFO [12-04|14:58:26.235] 🔗 block reached canonical chain          number=90 hash=24643b…8e1348
INFO [12-04|14:58:26.235] 🔨 mined potential block                  number=97 hash=e27ac0…a5f641
INFO [12-04|14:58:26.235] Commit new mining work                   number=98 sealhash=bf5596…1966ae uncles=0 txs=0 gas=0      fees=0           elapsed=0s
INFO [12-04|14:58:26.344] Successfully sealed new block            number=98 sealhash=bf5596…1966ae hash=fde68f…0722cd elapsed=109.009ms
INFO [12-04|14:58:26.344] 🔗 block reached canonical chain          number=91 hash=c4deb5…7b744d
INFO [12-04|14:58:26.344] 🔨 mined potential block                  number=98 hash=fde68f…0722cd
INFO [12-04|14:58:26.344] Mining too far in the future             wait=2s
INFO [12-04|14:58:28.345] Commit new mining work                   number=99 sealhash=e3e385…782d23 uncles=0 txs=0 gas=0      fees=0           elapsed=2.001s
INFO [12-04|14:58:28.723] Successfully sealed new block            number=99 sealhash=e3e385…782d23 hash=e9eaf1…bd14ec elapsed=378.072ms
INFO [12-04|14:58:28.723] 🔗 block reached canonical chain          number=92 hash=4cf18c…68d0cf
INFO [12-04|14:58:28.723] 🔨 mined potential block                  number=99 hash=e9eaf1…bd14ec
INFO [12-04|14:58:28.724] Commit new mining work                   number=100 sealhash=46de9d…dafbbe uncles=0 txs=0 gas=0      fees=0           elapsed=1.000ms
INFO [12-04|14:59:31.473] Regenerated local transaction journal    transactions=0 accounts=0
INFO [12-04|15:03:06.973] Submitted transaction                    fullhash=0x0376dac8feb2a2a228c0c78784782b5e1882ef61d3ae5c18593b322d3da7ee7b recipient=0x8C4CdD66BaC9d8A07CA79C4212DEBC1eE1222164
INFO [12-04|15:03:13.034] Updated mining threads                   threads=8
INFO [12-04|15:03:13.034] Transaction pool price threshold updated price=1000000000
INFO [12-04|15:03:13.074] Commit new mining work                   number=100 sealhash=6f27d6…597e0c uncles=0 txs=0 gas=0      fees=0           elapsed=14.999ms
INFO [12-04|15:03:13.083] Commit new mining work                   number=100 sealhash=23bf2a…3c78ab uncles=0 txs=1 gas=53112  fees=5.3112e-05  elapsed=24.000ms
INFO [12-04|15:03:14.074] Successfully sealed new block            number=100 sealhash=23bf2a…3c78ab hash=4e6822…e35f5a elapsed=998.665ms
INFO [12-04|15:03:14.074] 🔗 block reached canonical chain          number=93  hash=311b79…78db76
INFO [12-04|15:03:14.074] 🔨 mined potential block                  number=100 hash=4e6822…e35f5a
INFO [12-04|15:03:14.074] Commit new mining work                   number=101 sealhash=6de22d…4f35b2 uncles=0 txs=0 gas=0      fees=0           elapsed=0s
INFO [12-04|15:03:14.191] Successfully sealed new block            number=101 sealhash=6de22d…4f35b2 hash=756328…c00094 elapsed=117.044ms
INFO [12-04|15:03:14.191] 🔗 block reached canonical chain          number=94  hash=abb524…2003d4
INFO [12-04|15:03:14.191] 🔨 mined potential block                  number=101 hash=756328…c00094
INFO [12-04|15:03:14.191] Commit new mining work                   number=102 sealhash=be2880…663acc uncles=0 txs=0 gas=0      fees=0           elapsed=0s
INFO [12-04|15:03:14.433] Successfully sealed new block            number=102 sealhash=be2880…663acc hash=e1f291…25e496 elapsed=242.103ms
INFO [12-04|15:03:14.433] 🔗 block reached canonical chain          number=95  hash=ba5e2a…1f9702
INFO [12-04|15:03:14.433] 🔨 mined potential block                  number=102 hash=e1f291…25e496
INFO [12-04|15:03:14.433] Mining too far in the future             wait=2s
INFO [12-04|15:06:55.494] Submitted transaction                    fullhash=0x961151f35cba243d9f611fc65b1c279230b38dff8e18f0bc695632785be017eb recipient=0x8C4CdD66BaC9d8A07CA79C4212DEBC1eE1222164
INFO [12-04|15:07:05.210] Updated mining threads                   threads=8
INFO [12-04|15:07:05.210] Transaction pool price threshold updated price=1000000000
INFO [12-04|15:07:05.211] Commit new mining work                   number=103 sealhash=a13a67…955974 uncles=0 txs=0 gas=0      fees=0           elapsed=998.7µs
INFO [12-04|15:07:05.212] Commit new mining work                   number=103 sealhash=d138c8…801aed uncles=0 txs=1 gas=54750  fees=5.475e-05   elapsed=2.002ms
INFO [12-04|15:07:05.351] Successfully sealed new block            number=103 sealhash=d138c8…801aed hash=1d5fcf…4e8f91 elapsed=139.010ms
INFO [12-04|15:07:05.352] 🔗 block reached canonical chain          number=96  hash=4e8db9…53eaab
INFO [12-04|15:07:05.352] 🔨 mined potential block                  number=103 hash=1d5fcf…4e8f91
INFO [12-04|15:07:05.352] Commit new mining work                   number=104 sealhash=3f1750…9ce75e uncles=0 txs=0 gas=0      fees=0           elapsed=0s
INFO [12-04|15:07:05.449] Successfully sealed new block            number=104 sealhash=3f1750…9ce75e hash=110cdc…af1578 elapsed=97.007ms
INFO [12-04|15:07:05.449] 🔗 block reached canonical chain          number=97  hash=e27ac0…a5f641
INFO [12-04|15:07:05.449] 🔨 mined potential block                  number=104 hash=110cdc…af1578
INFO [12-04|15:07:05.449] Mining too far in the future             wait=2s
INFO [12-04|15:07:07.449] Commit new mining work                   number=105 sealhash=c8f8a3…9f9099 uncles=0 txs=0 gas=0      fees=0           elapsed=2.000s
INFO [12-04|15:07:08.105] Successfully sealed new block            number=105 sealhash=c8f8a3…9f9099 hash=1ea3e8…cefd87 elapsed=656.046ms
INFO [12-04|15:07:08.105] 🔗 block reached canonical chain          number=98  hash=fde68f…0722cd
INFO [12-04|15:07:08.105] 🔨 mined potential block                  number=105 hash=1ea3e8…cefd87
INFO [12-04|15:07:36.048] Submitted transaction                    fullhash=0xcffb4f5a69f00abb8a5cc25681e73a7df2371394c307e589feef7ae77acecc7f recipient=0x8C4CdD66BaC9d8A07CA79C4212DEBC1eE1222164
INFO [12-04|15:07:51.710] Updated mining threads                   threads=8
INFO [12-04|15:07:51.711] Transaction pool price threshold updated price=1000000000
INFO [12-04|15:07:51.711] Commit new mining work                   number=106 sealhash=0c8c4f…f23bb0 uncles=0 txs=0 gas=0      fees=0           elapsed=0s
INFO [12-04|15:07:51.712] Commit new mining work                   number=106 sealhash=4cb386…740e3e uncles=0 txs=1 gas=56324  fees=5.6324e-05  elapsed=1.001ms
INFO [12-04|15:07:52.964] Successfully sealed new block            number=106 sealhash=4cb386…740e3e hash=0a3c8e…44729b elapsed=1.251s
INFO [12-04|15:07:52.964] 🔗 block reached canonical chain          number=99  hash=e9eaf1…bd14ec
INFO [12-04|15:07:52.964] 🔨 mined potential block                  number=106 hash=0a3c8e…44729b
INFO [12-04|15:07:52.965] Commit new mining work                   number=107 sealhash=9b9f81…2c364f uncles=0 txs=0 gas=0      fees=0           elapsed=999.9µs
INFO [12-04|15:07:53.009] Successfully sealed new block            number=107 sealhash=9b9f81…2c364f hash=a99679…451870 elapsed=44.003ms
INFO [12-04|15:07:53.009] 🔗 block reached canonical chain          number=100 hash=4e6822…e35f5a
INFO [12-04|15:07:53.010] 🔨 mined potential block                  number=107 hash=a99679…451870
INFO [12-04|15:07:53.010] Commit new mining work                   number=108 sealhash=2869a6…b12d06 uncles=0 txs=0 gas=0      fees=0           elapsed=0s
INFO [12-04|15:07:53.110] Successfully sealed new block            number=108 sealhash=2869a6…b12d06 hash=6f6c52…fa2f1c elapsed=100.007ms
INFO [12-04|15:07:53.110] 🔗 block reached canonical chain          number=101 hash=756328…c00094
INFO [12-04|15:07:53.110] 🔨 mined potential block                  number=108 hash=6f6c52…fa2f1c
INFO [12-04|15:07:53.110] Commit new mining work                   number=109 sealhash=726e23…b040a2 uncles=0 txs=0 gas=0      fees=0           elapsed=0s
INFO [12-04|15:07:53.619] Successfully sealed new block            number=109 sealhash=726e23…b040a2 hash=6dcb0d…473dae elapsed=509.171ms
INFO [12-04|15:07:53.619] 🔗 block reached canonical chain          number=102 hash=e1f291…25e496
INFO [12-04|15:07:53.619] 🔨 mined potential block                  number=109 hash=6dcb0d…473dae
INFO [12-04|15:07:53.619] Mining too far in the future             wait=2s
INFO [12-04|15:07:55.620] Commit new mining work                   number=110 sealhash=ca0640…31e417 uncles=0 txs=0 gas=0      fees=0           elapsed=2.000s
INFO [12-04|15:07:55.986] Successfully sealed new block            number=110 sealhash=ca0640…31e417 hash=3e522a…26acfe elapsed=366.027ms
INFO [12-04|15:07:55.986] 🔗 block reached canonical chain          number=103 hash=1d5fcf…4e8f91
INFO [12-04|15:07:55.986] 🔨 mined potential block                  number=110 hash=3e522a…26acfe
INFO [12-04|15:07:55.986] Commit new mining work                   number=111 sealhash=da784f…1a14ed uncles=0 txs=0 gas=0      fees=0           elapsed=0s
INFO [12-04|15:07:56.399] Successfully sealed new block            number=111 sealhash=da784f…1a14ed hash=064e86…a569aa elapsed=413.115ms
INFO [12-04|15:07:56.399] 🔗 block reached canonical chain          number=104 hash=110cdc…af1578
INFO [12-04|15:07:56.399] 🔨 mined potential block                  number=111 hash=064e86…a569aa
INFO [12-04|15:07:56.399] Commit new mining work                   number=112 sealhash=cad650…b97d89 uncles=0 txs=0 gas=0      fees=0           elapsed=0s
INFO [12-04|15:07:58.241] Successfully sealed new block            number=112 sealhash=cad650…b97d89 hash=8a9ff5…e8aad0 elapsed=1.842s
INFO [12-04|15:07:58.241] 🔗 block reached canonical chain          number=105 hash=1ea3e8…cefd87
INFO [12-04|15:07:58.241] 🔨 mined potential block                  number=112 hash=8a9ff5…e8aad0
INFO [12-04|15:07:58.241] Commit new mining work                   number=113 sealhash=083f15…c09547 uncles=0 txs=0 gas=0      fees=0           elapsed=0s
INFO [12-04|15:07:58.808] Successfully sealed new block            number=113 sealhash=083f15…c09547 hash=5fa537…fa7d34 elapsed=567.044ms
INFO [12-04|15:07:58.808] 🔗 block reached canonical chain          number=106 hash=0a3c8e…44729b
INFO [12-04|15:07:58.808] 🔨 mined potential block                  number=113 hash=5fa537…fa7d34
INFO [12-04|15:07:58.808] Commit new mining work                   number=114 sealhash=852588…97d6ff uncles=0 txs=0 gas=0      fees=0           elapsed=0s
INFO [12-04|15:07:58.938] Successfully sealed new block            number=114 sealhash=852588…97d6ff hash=a36129…3e03ce elapsed=130.009ms
INFO [12-04|15:07:58.938] 🔗 block reached canonical chain          number=107 hash=a99679…451870
INFO [12-04|15:07:58.938] Mining too far in the future             wait=2s
INFO [12-04|15:07:58.938] 🔨 mined potential block                  number=114 hash=a36129…3e03ce
INFO [12-04|15:08:00.939] Commit new mining work                   number=115 sealhash=f54fdb…157fb1 uncles=0 txs=0 gas=0      fees=0           elapsed=2.000s
INFO [12-04|15:08:01.367] Successfully sealed new block            number=115 sealhash=f54fdb…157fb1 hash=d0a1bf…0ba6ad elapsed=427.621ms
INFO [12-04|15:08:01.368] 🔗 block reached canonical chain          number=108 hash=6f6c52…fa2f1c
INFO [12-04|15:08:01.368] 🔨 mined potential block                  number=115 hash=d0a1bf…0ba6ad
INFO [12-04|15:08:01.368] Commit new mining work                   number=116 sealhash=d752fc…292402 uncles=0 txs=0 gas=0      fees=0           elapsed=0s
INFO [12-04|15:08:01.587] Successfully sealed new block            number=116 sealhash=d752fc…292402 hash=396969…4e9323 elapsed=219.016ms
INFO [12-04|15:08:01.587] 🔗 block reached canonical chain          number=109 hash=6dcb0d…473dae
INFO [12-04|15:08:01.587] 🔨 mined potential block                  number=116 hash=396969…4e9323
INFO [12-04|15:08:01.587] Commit new mining work                   number=117 sealhash=d97f7d…584380 uncles=0 txs=0 gas=0      fees=0           elapsed=0s
INFO [12-04|15:08:01.944] Successfully sealed new block            number=117 sealhash=d97f7d…584380 hash=897af6…7bcbae elapsed=357.175ms
INFO [12-04|15:08:01.945] 🔗 block reached canonical chain          number=110 hash=3e522a…26acfe
INFO [12-04|15:08:01.945] Mining too far in the future             wait=2s
INFO [12-04|15:08:01.945] 🔨 mined potential block                  number=117 hash=897af6…7bcbae
INFO [12-04|15:08:03.946] Commit new mining work                   number=118 sealhash=914d7d…d27d2f uncles=0 txs=0 gas=0      fees=0           elapsed=2.001s
INFO [12-04|15:08:04.803] Successfully sealed new block            number=118 sealhash=914d7d…d27d2f hash=5d7068…1b4003 elapsed=856.658ms
INFO [12-04|15:08:04.803] 🔗 block reached canonical chain          number=111 hash=064e86…a569aa
INFO [12-04|15:08:04.803] 🔨 mined potential block                  number=118 hash=5d7068…1b4003
INFO [12-04|15:08:04.803] Commit new mining work                   number=119 sealhash=92b2ae…3b1827 uncles=0 txs=0 gas=0      fees=0           elapsed=0s
INFO [12-04|15:08:05.238] Successfully sealed new block            number=119 sealhash=92b2ae…3b1827 hash=4c65ca…c9e3b9 elapsed=434.552ms
INFO [12-04|15:08:05.239] 🔗 block reached canonical chain          number=112 hash=8a9ff5…e8aad0
INFO [12-04|15:08:05.239] 🔨 mined potential block                  number=119 hash=4c65ca…c9e3b9
INFO [12-04|15:08:05.239] Commit new mining work                   number=120 sealhash=138264…6e196f uncles=0 txs=0 gas=0      fees=0           elapsed=0s
INFO [12-04|15:08:05.254] Successfully sealed new block            number=120 sealhash=138264…6e196f hash=67df2c…a83628 elapsed=15.005ms
INFO [12-04|15:08:05.254] 🔗 block reached canonical chain          number=113 hash=5fa537…fa7d34
INFO [12-04|15:08:05.254] 🔨 mined potential block                  number=120 hash=67df2c…a83628
INFO [12-04|15:08:05.254] Commit new mining work                   number=121 sealhash=4308ab…1c0adf uncles=0 txs=0 gas=0      fees=0           elapsed=0s
INFO [12-04|15:08:05.771] Successfully sealed new block            number=121 sealhash=4308ab…1c0adf hash=b1a735…15108d elapsed=517.038ms
INFO [12-04|15:08:05.772] 🔗 block reached canonical chain          number=114 hash=a36129…3e03ce
INFO [12-04|15:08:05.772] Mining too far in the future             wait=2s
INFO [12-04|15:08:05.772] 🔨 mined potential block                  number=121 hash=b1a735…15108d
INFO [12-04|15:08:07.772] Commit new mining work                   number=122 sealhash=05d55d…023b34 uncles=0 txs=0 gas=0      fees=0           elapsed=2.000s
INFO [12-04|15:08:08.561] Successfully sealed new block            number=122 sealhash=05d55d…023b34 hash=8f893c…55a90c elapsed=788.573ms
INFO [12-04|15:08:08.561] 🔗 block reached canonical chain          number=115 hash=d0a1bf…0ba6ad
INFO [12-04|15:08:08.561] 🔨 mined potential block                  number=122 hash=8f893c…55a90c
INFO [12-04|15:08:08.561] Commit new mining work                   number=123 sealhash=2c15b8…9625d8 uncles=0 txs=0 gas=0      fees=0           elapsed=0s
INFO [12-04|15:08:08.780] Successfully sealed new block            number=123 sealhash=2c15b8…9625d8 hash=e0baa6…e88568 elapsed=219.016ms
INFO [12-04|15:08:08.780] 🔗 block reached canonical chain          number=116 hash=396969…4e9323
INFO [12-04|15:08:08.780] 🔨 mined potential block                  number=123 hash=e0baa6…e88568
INFO [12-04|15:08:08.780] Commit new mining work                   number=124 sealhash=f2f2f2…5565d4 uncles=0 txs=0 gas=0      fees=0           elapsed=0s
INFO [12-04|15:08:08.916] Successfully sealed new block            number=124 sealhash=f2f2f2…5565d4 hash=defa2f…518aee elapsed=136.012ms
INFO [12-04|15:08:08.916] 🔗 block reached canonical chain          number=117 hash=897af6…7bcbae
INFO [12-04|15:08:08.916] 🔨 mined potential block                  number=124 hash=defa2f…518aee
INFO [12-04|15:08:08.916] Mining too far in the future             wait=2s
INFO [12-04|15:08:10.917] Commit new mining work                   number=125 sealhash=560923…2de6d8 uncles=0 txs=0 gas=0      fees=0           elapsed=2.000s
INFO [12-04|15:08:10.936] Successfully sealed new block            number=125 sealhash=560923…2de6d8 hash=e5e56d…87eb82 elapsed=19.000ms
INFO [12-04|15:08:10.936] 🔗 block reached canonical chain          number=118 hash=5d7068…1b4003
INFO [12-04|15:08:10.937] 🔨 mined potential block                  number=125 hash=e5e56d…87eb82
INFO [12-04|15:08:10.937] Commit new mining work                   number=126 sealhash=6b4ba3…24efcb uncles=0 txs=0 gas=0      fees=0           elapsed=0s
INFO [12-04|15:08:11.526] Successfully sealed new block            number=126 sealhash=6b4ba3…24efcb hash=ab3f5e…7f5ce3 elapsed=589.046ms
INFO [12-04|15:08:11.527] 🔗 block reached canonical chain          number=119 hash=4c65ca…c9e3b9
INFO [12-04|15:08:11.527] 🔨 mined potential block                  number=126 hash=ab3f5e…7f5ce3
INFO [12-04|15:08:11.527] Commit new mining work                   number=127 sealhash=726b3f…03d6ee uncles=0 txs=0 gas=0      fees=0           elapsed=0s
INFO [12-04|15:08:11.701] Successfully sealed new block            number=127 sealhash=726b3f…03d6ee hash=6ba84d…b63371 elapsed=174.012ms
INFO [12-04|15:08:11.701] 🔗 block reached canonical chain          number=120 hash=67df2c…a83628
INFO [12-04|15:08:11.701] 🔨 mined potential block                  number=127 hash=6ba84d…b63371
INFO [12-04|15:08:11.701] Mining too far in the future             wait=2s
INFO [12-04|15:08:13.702] Commit new mining work                   number=128 sealhash=305c3d…935369 uncles=0 txs=0 gas=0      fees=0           elapsed=2.001s
INFO [12-04|15:08:13.793] Successfully sealed new block            number=128 sealhash=305c3d…935369 hash=b8ba51…29e463 elapsed=91.003ms
INFO [12-04|15:08:13.793] 🔗 block reached canonical chain          number=121 hash=b1a735…15108d
INFO [12-04|15:08:13.793] 🔨 mined potential block                  number=128 hash=b8ba51…29e463
INFO [12-04|15:08:13.793] Commit new mining work                   number=129 sealhash=ad29dd…ede875 uncles=0 txs=0 gas=0      fees=0           elapsed=0s
INFO [12-04|15:08:13.962] Successfully sealed new block            number=129 sealhash=ad29dd…ede875 hash=67de6b…2516a7 elapsed=169.013ms
INFO [12-04|15:08:13.962] 🔗 block reached canonical chain          number=122 hash=8f893c…55a90c
INFO [12-04|15:08:13.962] 🔨 mined potential block                  number=129 hash=67de6b…2516a7
INFO [12-04|15:08:13.962] Mining too far in the future             wait=2s
INFO [12-04|15:08:15.964] Commit new mining work                   number=130 sealhash=a152a3…1c47f1 uncles=0 txs=0 gas=0      fees=0           elapsed=2.001s
INFO [12-04|15:08:16.065] Successfully sealed new block            number=130 sealhash=a152a3…1c47f1 hash=351f62…1af578 elapsed=101.007ms
INFO [12-04|15:08:16.065] 🔗 block reached canonical chain          number=123 hash=e0baa6…e88568
INFO [12-04|15:08:16.066] 🔨 mined potential block                  number=130 hash=351f62…1af578
INFO [12-04|15:08:16.066] Commit new mining work                   number=131 sealhash=b35d12…22091a uncles=0 txs=0 gas=0      fees=0           elapsed=999.2µs
INFO [12-04|15:08:16.279] Successfully sealed new block            number=131 sealhash=b35d12…22091a hash=35a354…542a4e elapsed=213.019ms
INFO [12-04|15:08:16.280] 🔗 block reached canonical chain          number=124 hash=defa2f…518aee
INFO [12-04|15:08:16.280] 🔨 mined potential block                  number=131 hash=35a354…542a4e
INFO [12-04|15:08:16.280] Commit new mining work                   number=132 sealhash=3deb39…975304 uncles=0 txs=0 gas=0      fees=0           elapsed=0s
INFO [12-04|15:08:17.326] Successfully sealed new block            number=132 sealhash=3deb39…975304 hash=50a41e…b47c45 elapsed=1.045s
INFO [12-04|15:08:17.326] 🔗 block reached canonical chain          number=125 hash=e5e56d…87eb82
INFO [12-04|15:08:17.326] 🔨 mined potential block                  number=132 hash=50a41e…b47c45
INFO [12-04|15:08:17.326] Commit new mining work                   number=133 sealhash=baee9e…5deb5a uncles=0 txs=0 gas=0      fees=0           elapsed=0s
INFO [12-04|15:08:17.666] Successfully sealed new block            number=133 sealhash=baee9e…5deb5a hash=4b9f22…1ebb78 elapsed=340.112ms
INFO [12-04|15:08:17.666] 🔗 block reached canonical chain          number=126 hash=ab3f5e…7f5ce3
INFO [12-04|15:08:17.666] 🔨 mined potential block                  number=133 hash=4b9f22…1ebb78
INFO [12-04|15:08:17.666] Mining too far in the future             wait=2s
^C