[1202/093430.891:ERROR:process_memory_win.cc(73)] ReadMemory at 0x234867c0000 of 64 bytes failed: ReadProcessMemory 또는 WriteProcessMemory의 일부 작업만을 마쳤습니다. (0x12B)
[1202/093430.895:WARNING:pe_image_reader.cc(340)] could not read dos header from C:\Windows\System32\shcore.dll
[1202/093430.895:ERROR:process_memory_win.cc(73)] ReadMemory at 0x7ffc3d7d0000 of 64 bytes failed: ReadProcessMemory 또는 WriteProcessMemory의 일부 작업만을 마쳤습니다. (0x12B)
[1202/093430.895:WARNING:pe_image_reader.cc(340)] could not read dos header from C:\Windows\SYSTEM32\SSPICLI.DLL
[1202/093430.895:ERROR:process_memory_win.cc(73)] ReadMemory at 0x7ffc3d2c0000 of 64 bytes failed: ReadProcessMemory 또는 WriteProcessMemory의 일부 작업만을 마쳤습니다. (0x12B)
[1202/093430.896:WARNING:pe_image_reader.cc(340)] could not read dos header from C:\Windows\SYSTEM32\CRYPTBASE.DLL
[1202/093430.896:ERROR:process_memory_win.cc(73)] ReadMemory at 0x7ff6e16c0000 of 64 bytes failed: ReadProcessMemory 또는 WriteProcessMemory의 일부 작업만을 마쳤습니다. (0x12B)
[1202/093430.896:WARNING:pe_image_reader.cc(340)] could not read dos header from C:\Program Files (x86)\Google\Chrome\Application\chrome.exe
[1202/093430.896:ERROR:process_memory_win.cc(73)] ReadMemory at 0x7ff6e16c0000 of 64 bytes failed: ReadProcessMemory 또는 WriteProcessMemory의 일부 작업만을 마쳤습니다. (0x12B)
[1202/093430.896:WARNING:pe_image_reader.cc(340)] could not read dos header from C:\Program Files (x86)\Google\Chrome\Application\chrome.exe
[1202/093430.896:ERROR:process_memory_win.cc(73)] ReadMemory at 0x7ffc40a40000 of 64 bytes failed: ReadProcessMemory 또는 WriteProcessMemory의 일부 작업만을 마쳤습니다. (0x12B)
[1202/093430.896:WARNING:pe_image_reader.cc(340)] could not read dos header from C:\Windows\SYSTEM32\ntdll.dll
[1202/093430.896:ERROR:process_memory_win.cc(73)] ReadMemory at 0x7ffc40a40000 of 64 bytes failed: ReadProcessMemory 또는 WriteProcessMemory의 일부 작업만을 마쳤습니다. (0x12B)
[1202/093430.896:WARNING:pe_image_reader.cc(340)] could not read dos header from C:\Windows\SYSTEM32\ntdll.dll
[1202/093430.897:ERROR:process_memory_win.cc(73)] ReadMemory at 0x7ffc3ee20000 of 64 bytes failed: ReadProcessMemory 또는 WriteProcessMemory의 일부 작업만을 마쳤습니다. (0x12B)
[1202/093430.897:WARNING:pe_image_reader.cc(340)] could not read dos header from C:\Windows\System32\KERNEL32.DLL
[1202/093430.897:ERROR:process_memory_win.cc(73)] ReadMemory at 0x7ffc3ee20000 of 64 bytes failed: ReadProcessMemory 또는 WriteProcessMemory의 일부 작업만을 마쳤습니다. (0x12B)
[1202/093430.897:WARNING:pe_image_reader.cc(340)] could not read dos header from C:\Windows\System32\KERNEL32.DLL
[1202/093430.897:ERROR:process_memory_win.cc(73)] ReadMemory at 0x7ffc3e450000 of 64 bytes failed: ReadProcessMemory 또는 WriteProcessMemory의 일부 작업만을 마쳤습니다. (0x12B)
[1202/093430.897:WARNING:pe_image_reader.cc(340)] could not read dos header from C:\Windows\System32\KERNELBASE.dll
[1202/093430.897:ERROR:process_memory_win.cc(73)] ReadMemory at 0x7ffc3e450000 of 64 bytes failed: ReadProcessMemory 또는 WriteProcessMemory의 일부 작업만을 마쳤습니다. (0x12B)
[1202/093430.897:WARNING:pe_image_reader.cc(340)] could not read dos header from C:\Windows\System32\KERNELBASE.dll
[1202/093430.897:ERROR:process_memory_win.cc(73)] ReadMemory at 0x7ffc03990000 of 64 bytes failed: ReadProcessMemory 또는 WriteProcessMemory의 일부 작업만을 마쳤습니다. (0x12B)
[1202/093430.897:WARNING:pe_image_reader.cc(340)] could not read dos header from C:\Program Files (x86)\Google\Chrome\Application\78.0.3904.108\chrome_elf.dll
[1202/093430.897:ERROR:process_memory_win.cc(73)] ReadMemory at 0x7ffc03990000 of 64 bytes failed: ReadProcessMemory 또는 WriteProcessMemory의 일부 작업만을 마쳤습니다. (0x12B)
[1202/093430.897:WARNING:pe_image_reader.cc(340)] could not read dos header from C:\Program Files (x86)\Google\Chrome\Application\78.0.3904.108\chrome_elf.dll
[1202/093430.897:ERROR:process_memory_win.cc(73)] ReadMemory at 0x7ffc34ce0000 of 64 bytes failed: ReadProcessMemory 또는 WriteProcessMemory의 일부 작업만을 마쳤습니다. (0x12B)
[1202/093430.897:WARNING:pe_image_reader.cc(340)] could not read dos header from C:\Windows\SYSTEM32\VERSION.dll
[1202/093430.897:ERROR:process_memory_win.cc(73)] ReadMemory at 0x7ffc34ce0000 of 64 bytes failed: ReadProcessMemory 또는 WriteProcessMemory의 일부 작업만을 마쳤습니다. (0x12B)
[1202/093430.897:WARNING:pe_image_reader.cc(340)] could not read dos header from C:\Windows\SYSTEM32\VERSION.dll
[1202/093430.898:ERROR:process_memory_win.cc(73)] ReadMemory at 0x7ffc3f040000 of 64 bytes failed: ReadProcessMemory 또는 WriteProcessMemory의 일부 작업만을 마쳤습니다. (0x12B)
[1202/093430.898:WARNING:pe_image_reader.cc(340)] could not read dos header from C:\Windows\System32\msvcrt.dll
[1202/093430.898:ERROR:process_memory_win.cc(73)] ReadMemory at 0x7ffc3f040000 of 64 bytes failed: ReadProcessMemory 또는 WriteProcessMemory의 일부 작업만을 마쳤습니다. (0x12B)
[1202/093430.898:WARNING:pe_image_reader.cc(340)] could not read dos header from C:\Windows\System32\msvcrt.dll
[1202/093430.898:ERROR:process_memory_win.cc(73)] ReadMemory at 0x7ffc3e230000 of 64 bytes failed: ReadProcessMemory 또는 WriteProcessMemory의 일부 작업만을 마쳤습니다. (0x12B)
[1202/093430.898:WARNING:pe_image_reader.cc(340)] could not read dos header from C:\Windows\System32\bcryptPrimitives.dll
[1202/093430.898:ERROR:process_memory_win.cc(73)] ReadMemory at 0x7ffc3e230000 of 64 bytes failed: ReadProcessMemory 또는 WriteProcessMemory의 일부 작업만을 마쳤습니다. (0x12B)
[1202/093430.898:WARNING:pe_image_reader.cc(340)] could not read dos header from C:\Windows\System32\bcryptPrimitives.dll
[1202/093430.898:ERROR:process_memory_win.cc(73)] ReadMemory at 0x7ffc3ed70000 of 64 bytes failed: ReadProcessMemory 또는 WriteProcessMemory의 일부 작업만을 마쳤습니다. (0x12B)
[1202/093430.898:WARNING:pe_image_reader.cc(340)] could not read dos header from C:\Windows\System32\ADVAPI32.dll
[1202/093430.898:ERROR:process_memory_win.cc(73)] ReadMemory at 0x7ffc3ed70000 of 64 bytes failed: ReadProcessMemory 또는 WriteProcessMemory의 일부 작업만을 마쳤습니다. (0x12B)
[1202/093430.898:WARNING:pe_image_reader.cc(340)] could not read dos header from C:\Windows\System32\ADVAPI32.dll
[1202/093430.898:ERROR:process_memory_win.cc(73)] ReadMemory at 0x7ffc40930000 of 64 bytes failed: ReadProcessMemory 또는 WriteProcessMemory의 일부 작업만을 마쳤습니다. (0x12B)
[1202/093430.898:WARNING:pe_image_reader.cc(340)] could not read dos header from C:\Windows\System32\sechost.dll
[1202/093430.898:ERROR:process_memory_win.cc(73)] ReadMemory at 0x7ffc40930000 of 64 bytes failed: ReadProcessMemory 또는 WriteProcessMemory의 일부 작업만을 마쳤습니다. (0x12B)
[1202/093430.898:WARNING:pe_image_reader.cc(340)] could not read dos header from C:\Windows\System32\sechost.dll
[1202/093430.898:ERROR:process_memory_win.cc(73)] ReadMemory at 0x7ffc3ec20000 of 64 bytes failed: ReadProcessMemory 또는 WriteProcessMemory의 일부 작업만을 마쳤습니다. (0x12B)
[1202/093430.898:WARNING:pe_image_reader.cc(340)] could not read dos header from C:\Windows\System32\RPCRT4.dll
[1202/093430.899:ERROR:process_memory_win.cc(73)] ReadMemory at 0x7ffc3ec20000 of 64 bytes failed: ReadProcessMemory 또는 WriteProcessMemory의 일부 작업만을 마쳤습니다. (0x12B)
[1202/093430.899:WARNING:pe_image_reader.cc(340)] could not read dos header from C:\Windows\System32\RPCRT4.dll
[1202/093430.899:ERROR:process_memory_win.cc(73)] ReadMemory at 0x7ffbdc860000 of 64 bytes failed: ReadProcessMemory 또는 WriteProcessMemory의 일부 작업만을 마쳤습니다. (0x12B)
[1202/093430.899:WARNING:pe_image_reader.cc(340)] could not read dos header from C:\Program Files (x86)\Google\Chrome\Application\78.0.3904.108\chrome_child.dll
[1202/093430.899:ERROR:process_memory_win.cc(73)] ReadMemory at 0x7ffbdc860000 of 64 bytes failed: ReadProcessMemory 또는 WriteProcessMemory의 일부 작업만을 마쳤습니다. (0x12B)
[1202/093430.899:WARNING:pe_image_reader.cc(340)] could not read dos header from C:\Program Files (x86)\Google\Chrome\Application\78.0.3904.108\chrome_child.dll
[1202/093430.899:ERROR:process_memory_win.cc(73)] ReadMemory at 0x7ffc3f1c0000 of 64 bytes failed: ReadProcessMemory 또는 WriteProcessMemory의 일부 작업만을 마쳤습니다. (0x12B)
[1202/093430.899:WARNING:pe_image_reader.cc(340)] could not read dos header from C:\Windows\System32\OLEAUT32.dll
[1202/093430.899:ERROR:process_memory_win.cc(73)] ReadMemory at 0x7ffc3f1c0000 of 64 bytes failed: ReadProcessMemory 또는 WriteProcessMemory의 일부 작업만을 마쳤습니다. (0x12B)
[1202/093430.899:WARNING:pe_image_reader.cc(340)] could not read dos header from C:\Windows\System32\OLEAUT32.dll
[1202/093430.899:ERROR:process_memory_win.cc(73)] ReadMemory at 0x7ffc3e700000 of 64 bytes failed: ReadProcessMemory 또는 WriteProcessMemory의 일부 작업만을 마쳤습니다. (0x12B)
[1202/093430.899:WARNING:pe_image_reader.cc(340)] could not read dos header from C:\Windows\System32\msvcp_win.dll
[1202/093430.899:ERROR:process_memory_win.cc(73)] ReadMemory at 0x7ffc3e700000 of 64 bytes failed: ReadProcessMemory 또는 WriteProcessMemory의 일부 작업만을 마쳤습니다. (0x12B)
[1202/093430.899:WARNING:pe_image_reader.cc(340)] could not read dos header from C:\Windows\System32\msvcp_win.dll
[1202/093430.899:ERROR:process_memory_win.cc(73)] ReadMemory at 0x7ffc3e9c0000 of 64 bytes failed: ReadProcessMemory 또는 WriteProcessMemory의 일부 작업만을 마쳤습니다. (0x12B)
[1202/093430.899:WARNING:pe_image_reader.cc(340)] could not read dos header from C:\Windows\System32\ucrtbase.dll
[1202/093430.900:ERROR:process_memory_win.cc(73)] ReadMemory at 0x7ffc3e9c0000 of 64 bytes failed: ReadProcessMemory 또는 WriteProcessMemory의 일부 작업만을 마쳤습니다. (0x12B)
[1202/093430.900:WARNING:pe_image_reader.cc(340)] could not read dos header from C:\Windows\System32\ucrtbase.dll
[1202/093430.900:ERROR:process_memory_win.cc(73)] ReadMemory at 0x7ffc3f440000 of 64 bytes failed: ReadProcessMemory 또는 WriteProcessMemory의 일부 작업만을 마쳤습니다. (0x12B)
[1202/093430.900:WARNING:pe_image_reader.cc(340)] could not read dos header from C:\Windows\System32\combase.dll
[1202/093430.900:ERROR:process_memory_win.cc(73)] ReadMemory at 0x7ffc3f440000 of 64 bytes failed: ReadProcessMemory 또는 WriteProcessMemory의 일부 작업만을 마쳤습니다. (0x12B)
[1202/093430.900:WARNING:pe_image_reader.cc(340)] could not read dos header from C:\Windows\System32\combase.dll
[1202/093430.900:ERROR:process_memory_win.cc(73)] ReadMemory at 0x7ffc3f350000 of 64 bytes failed: ReadProcessMemory 또는 WriteProcessMemory의 일부 작업만을 마쳤습니다. (0x12B)
[1202/093430.900:WARNING:pe_image_reader.cc(340)] could not read dos header from C:\Windows\System32\WS2_32.dll
[1202/093430.900:ERROR:process_memory_win.cc(73)] ReadMemory at 0x7ffc3f350000 of 64 bytes failed: ReadProcessMemory 또는 WriteProcessMemory의 일부 작업만을 마쳤습니다. (0x12B)
[1202/093430.900:WARNING:pe_image_reader.cc(340)] could not read dos header from C:\Windows\System32\WS2_32.dll
[1202/093430.900:ERROR:process_memory_win.cc(73)] ReadMemory at 0x7ffc3d9a0000 of 64 bytes failed: ReadProcessMemory 또는 WriteProcessMemory의 일부 작업만을 마쳤습니다. (0x12B)
[1202/093430.900:WARNING:pe_image_reader.cc(340)] could not read dos header from C:\Windows\System32\WINTRUST.dll
[1202/093430.900:ERROR:process_memory_win.cc(73)] ReadMemory at 0x7ffc3d9a0000 of 64 bytes failed: ReadProcessMemory 또는 WriteProcessMemory의 일부 작업만을 마쳤습니다. (0x12B)
[1202/093430.900:WARNING:pe_image_reader.cc(340)] could not read dos header from C:\Windows\System32\WINTRUST.dll
[1202/093430.900:ERROR:process_memory_win.cc(73)] ReadMemory at 0x7ffc3d910000 of 64 bytes failed: ReadProcessMemory 또는 WriteProcessMemory의 일부 작업만을 마쳤습니다. (0x12B)
[1202/093430.900:WARNING:pe_image_reader.cc(340)] could not read dos header from C:\Windows\System32\MSASN1.dll
[1202/093430.901:ERROR:process_memory_win.cc(73)] ReadMemory at 0x7ffc3d910000 of 64 bytes failed: ReadProcessMemory 또는 WriteProcessMemory의 일부 작업만을 마쳤습니다. (0x12B)
[1202/093430.901:WARNING:pe_image_reader.cc(340)] could not read dos header from C:\Windows\System32\MSASN1.dll
[1202/093430.901:ERROR:process_memory_win.cc(73)] ReadMemory at 0x7ffc3e2e0000 of 64 bytes failed: ReadProcessMemory 또는 WriteProcessMemory의 일부 작업만을 마쳤습니다. (0x12B)
[1202/093430.901:WARNING:pe_image_reader.cc(340)] could not read dos header from C:\Windows\System32\CRYPT32.dll
[1202/093430.901:ERROR:process_memory_win.cc(73)] ReadMemory at 0x7ffc3e2e0000 of 64 bytes failed: ReadProcessMemory 또는 WriteProcessMemory의 일부 작업만을 마쳤습니다. (0x12B)
[1202/093430.901:WARNING:pe_image_reader.cc(340)] could not read dos header from C:\Windows\System32\CRYPT32.dll
[1202/093430.901:ERROR:process_memory_win.cc(73)] ReadMemory at 0x7ffc3ce00000 of 64 bytes failed: ReadProcessMemory 또는 WriteProcessMemory의 일부 작업만을 마쳤습니다. (0x12B)
[1202/093430.901:WARNING:pe_image_reader.cc(340)] could not read dos header from C:\Windows\SYSTEM32\IPHLPAPI.DLL
[1202/093430.901:ERROR:process_memory_win.cc(73)] ReadMemory at 0x7ffc3ce00000 of 64 bytes failed: ReadProcessMemory 또는 WriteProcessMemory의 일부 작업만을 마쳤습니다. (0x12B)
[1202/093430.901:WARNING:pe_image_reader.cc(340)] could not read dos header from C:\Windows\SYSTEM32\IPHLPAPI.DLL
[1202/093430.901:ERROR:process_memory_win.cc(73)] ReadMemory at 0x7ffc3b610000 of 64 bytes failed: ReadProcessMemory 또는 WriteProcessMemory의 일부 작업만을 마쳤습니다. (0x12B)
[1202/093430.901:WARNING:pe_image_reader.cc(340)] could not read dos header from C:\Windows\SYSTEM32\WINMM.dll
[1202/093430.901:ERROR:process_memory_win.cc(73)] ReadMemory at 0x7ffc3b610000 of 64 bytes failed: ReadProcessMemory 또는 WriteProcessMemory의 일부 작업만을 마쳤습니다. (0x12B)
[1202/093430.901:WARNING:pe_image_reader.cc(340)] could not read dos header from C:\Windows\SYSTEM32\WINMM.dll
[1202/093430.901:ERROR:process_memory_win.cc(73)] ReadMemory at 0x7ffc3d800000 of 64 bytes failed: ReadProcessMemory 또는 WriteProcessMemory의 일부 작업만을 마쳤습니다. (0x12B)
[1202/093430.901:WARNING:pe_image_reader.cc(340)] could not read dos header from C:\Windows\SYSTEM32\USERENV.dll
[1202/093430.901:ERROR:process_memory_win.cc(73)] ReadMemory at 0x7ffc3d800000 of 64 bytes failed: ReadProcessMemory 또는 WriteProcessMemory의 일부 작업만을 마쳤습니다. (0x12B)
[1202/093430.901:WARNING:pe_image_reader.cc(340)] could not read dos header from C:\Windows\SYSTEM32\USERENV.dll
[1202/093430.902:ERROR:process_memory_win.cc(73)] ReadMemory at 0x7ffc3d8f0000 of 64 bytes failed: ReadProcessMemory 또는 WriteProcessMemory의 일부 작업만을 마쳤습니다. (0x12B)
[1202/093430.902:WARNING:pe_image_reader.cc(340)] could not read dos header from C:\Windows\System32\profapi.dll
[1202/093430.902:ERROR:process_memory_win.cc(73)] ReadMemory at 0x7ffc3d8f0000 of 64 bytes failed: ReadProcessMemory 또는 WriteProcessMemory의 일부 작업만을 마쳤습니다. (0x12B)
[1202/093430.902:WARNING:pe_image_reader.cc(340)] could not read dos header from C:\Windows\System32\profapi.dll
[1202/093430.902:ERROR:process_memory_win.cc(73)] ReadMemory at 0x7ffc26960000 of 64 bytes failed: ReadProcessMemory 또는 WriteProcessMemory의 일부 작업만을 마쳤습니다. (0x12B)
[1202/093430.902:WARNING:pe_image_reader.cc(340)] could not read dos header from C:\Windows\SYSTEM32\DWrite.dll
[1202/093430.902:ERROR:process_memory_win.cc(73)] ReadMemory at 0x7ffc26960000 of 64 bytes failed: ReadProcessMemory 또는 WriteProcessMemory의 일부 작업만을 마쳤습니다. (0x12B)
[1202/093430.902:WARNING:pe_image_reader.cc(340)] could not read dos header from C:\Windows\SYSTEM32\DWrite.dll
[1202/093430.902:ERROR:process_memory_win.cc(73)] ReadMemory at 0x7ffc1ee10000 of 64 bytes failed: ReadProcessMemory 또는 WriteProcessMemory의 일부 작업만을 마쳤습니다. (0x12B)
[1202/093430.902:WARNING:pe_image_reader.cc(340)] could not read dos header from C:\Windows\SYSTEM32\WINSPOOL.DRV
[1202/093430.902:ERROR:process_memory_win.cc(73)] ReadMemory at 0x7ffc1ee10000 of 64 bytes failed: ReadProcessMemory 또는 WriteProcessMemory의 일부 작업만을 마쳤습니다. (0x12B)
[1202/093430.902:WARNING:pe_image_reader.cc(340)] could not read dos header from C:\Windows\SYSTEM32\WINSPOOL.DRV
[1202/093430.902:ERROR:process_memory_win.cc(73)] ReadMemory at 0x7ffc3d980000 of 64 bytes failed: ReadProcessMemory 또는 WriteProcessMemory의 일부 작업만을 마쳤습니다. (0x12B)
[1202/093430.902:WARNING:pe_image_reader.cc(340)] could not read dos header from C:\Windows\System32\kernel.appcore.dll
[1202/093430.902:ERROR:process_memory_win.cc(73)] ReadMemory at 0x7ffc3d980000 of 64 bytes failed: ReadProcessMemory 또는 WriteProcessMemory의 일부 작업만을 마쳤습니다. (0x12B)
[1202/093430.902:WARNING:pe_image_reader.cc(340)] could not read dos header from C:\Windows\System32\kernel.appcore.dll
[1202/093430.902:ERROR:process_memory_win.cc(73)] ReadMemory at 0x7ffc3e990000 of 64 bytes failed: ReadProcessMemory 또는 WriteProcessMemory의 일부 작업만을 마쳤습니다. (0x12B)
[1202/093430.902:WARNING:pe_image_reader.cc(340)] could not read dos header from C:\Windows\System32\bcrypt.dll
[1202/093430.903:ERROR:process_memory_win.cc(73)] ReadMemory at 0x7ffc3e990000 of 64 bytes failed: ReadProcessMemory 또는 WriteProcessMemory의 일부 작업만을 마쳤습니다. (0x12B)
[1202/093430.903:WARNING:pe_image_reader.cc(340)] could not read dos header from C:\Windows\System32\bcrypt.dll
[1202/093430.903:ERROR:process_memory_win.cc(73)] ReadMemory at 0x7ffc3c2e0000 of 64 bytes failed: ReadProcessMemory 또는 WriteProcessMemory의 일부 작업만을 마쳤습니다. (0x12B)
[1202/093430.903:WARNING:pe_image_reader.cc(340)] could not read dos header from C:\Windows\SYSTEM32\dbghelp.dll
[1202/093430.903:ERROR:process_memory_win.cc(73)] ReadMemory at 0x7ffc3c2e0000 of 64 bytes failed: ReadProcessMemory 또는 WriteProcessMemory의 일부 작업만을 마쳤습니다. (0x12B)
[1202/093430.903:WARNING:pe_image_reader.cc(340)] could not read dos header from C:\Windows\SYSTEM32\dbghelp.dll
[1202/093430.903:ERROR:process_memory_win.cc(73)] ReadMemory at 0x7ffc31f20000 of 64 bytes failed: ReadProcessMemory 또는 WriteProcessMemory의 일부 작업만을 마쳤습니다. (0x12B)
[1202/093430.903:WARNING:pe_image_reader.cc(340)] could not read dos header from C:\Windows\SYSTEM32\Secur32.dll
[1202/093430.903:ERROR:process_memory_win.cc(73)] ReadMemory at 0x7ffc31f20000 of 64 bytes failed: ReadProcessMemory 또는 WriteProcessMemory의 일부 작업만을 마쳤습니다. (0x12B)
[1202/093430.903:WARNING:pe_image_reader.cc(340)] could not read dos header from C:\Windows\SYSTEM32\Secur32.dll
[1202/093430.903:ERROR:process_memory_win.cc(73)] ReadMemory at 0x7ffc31c90000 of 64 bytes failed: ReadProcessMemory 또는 WriteProcessMemory의 일부 작업만을 마쳤습니다. (0x12B)
[1202/093430.903:WARNING:pe_image_reader.cc(340)] could not read dos header from C:\Windows\SYSTEM32\WINHTTP.dll
[1202/093430.903:ERROR:process_memory_win.cc(73)] ReadMemory at 0x7ffc31c90000 of 64 bytes failed: ReadProcessMemory 또는 WriteProcessMemory의 일부 작업만을 마쳤습니다. (0x12B)
[1202/093430.903:WARNING:pe_image_reader.cc(340)] could not read dos header from C:\Windows\SYSTEM32\WINHTTP.dll
[1202/093430.903:ERROR:process_memory_win.cc(73)] ReadMemory at 0x7ffc35b20000 of 64 bytes failed: ReadProcessMemory 또는 WriteProcessMemory의 일부 작업만을 마쳤습니다. (0x12B)
[1202/093430.903:WARNING:pe_image_reader.cc(340)] could not read dos header from C:\Windows\SYSTEM32\dhcpcsvc.DLL
[1202/093430.903:ERROR:process_memory_win.cc(73)] ReadMemory at 0x7ffc35b20000 of 64 bytes failed: ReadProcessMemory 또는 WriteProcessMemory의 일부 작업만을 마쳤습니다. (0x12B)
[1202/093430.903:WARNING:pe_image_reader.cc(340)] could not read dos header from C:\Windows\SYSTEM32\dhcpcsvc.DLL
[1202/093430.903:ERROR:process_memory_win.cc(73)] ReadMemory at 0x7ffc3ead0000 of 64 bytes failed: ReadProcessMemory 또는 WriteProcessMemory의 일부 작업만을 마쳤습니다. (0x12B)
[1202/093430.903:WARNING:pe_image_reader.cc(340)] could not read dos header from C:\Windows\System32\NSI.dll
[1202/093430.903:ERROR:process_memory_win.cc(73)] ReadMemory at 0x7ffc3ead0000 of 64 bytes failed: ReadProcessMemory 또는 WriteProcessMemory의 일부 작업만을 마쳤습니다. (0x12B)
[1202/093430.903:WARNING:pe_image_reader.cc(340)] could not read dos header from C:\Windows\System32\NSI.dll
[1202/093430.904:ERROR:process_memory_win.cc(73)] ReadMemory at 0x7ffc3b5e0000 of 64 bytes failed: ReadProcessMemory 또는 WriteProcessMemory의 일부 작업만을 마쳤습니다. (0x12B)
[1202/093430.904:WARNING:pe_image_reader.cc(340)] could not read dos header from C:\Windows\SYSTEM32\WINMMBASE.dll
[1202/093430.904:ERROR:process_memory_win.cc(73)] ReadMemory at 0x7ffc3b5e0000 of 64 bytes failed: ReadProcessMemory 또는 WriteProcessMemory의 일부 작업만을 마쳤습니다. (0x12B)
[1202/093430.904:WARNING:pe_image_reader.cc(340)] could not read dos header from C:\Windows\SYSTEM32\WINMMBASE.dll
[1202/093430.904:ERROR:process_memory_win.cc(73)] ReadMemory at 0x7ffc3e940000 of 64 bytes failed: ReadProcessMemory 또는 WriteProcessMemory의 일부 작업만을 마쳤습니다. (0x12B)
[1202/093430.904:WARNING:pe_image_reader.cc(340)] could not read dos header from C:\Windows\System32\cfgmgr32.dll
[1202/093430.904:ERROR:process_memory_win.cc(73)] ReadMemory at 0x7ffc3e940000 of 64 bytes failed: ReadProcessMemory 또는 WriteProcessMemory의 일부 작업만을 마쳤습니다. (0x12B)
[1202/093430.904:WARNING:pe_image_reader.cc(340)] could not read dos header from C:\Windows\System32\cfgmgr32.dll
[1202/093430.904:ERROR:process_memory_win.cc(73)] ReadMemory at 0x7ffc39f60000 of 64 bytes failed: ReadProcessMemory 또는 WriteProcessMemory의 일부 작업만을 마쳤습니다. (0x12B)
[1202/093430.904:WARNING:pe_image_reader.cc(340)] could not read dos header from C:\Windows\SYSTEM32\PROPSYS.dll
[1202/093430.904:ERROR:process_memory_win.cc(73)] ReadMemory at 0x7ffc39f60000 of 64 bytes failed: ReadProcessMemory 또는 WriteProcessMemory의 일부 작업만을 마쳤습니다. (0x12B)
[1202/093430.904:WARNING:pe_image_reader.cc(340)] could not read dos header from C:\Windows\SYSTEM32\PROPSYS.dll
[1202/093430.904:ERROR:process_memory_win.cc(73)] ReadMemory at 0x234867c0000 of 64 bytes failed: ReadProcessMemory 또는 WriteProcessMemory의 일부 작업만을 마쳤습니다. (0x12B)
[1202/093430.904:WARNING:pe_image_reader.cc(340)] could not read dos header from C:\Windows\System32\shcore.dll
[1202/093430.904:ERROR:process_memory_win.cc(73)] ReadMemory at 0x234867c0000 of 64 bytes failed: ReadProcessMemory 또는 WriteProcessMemory의 일부 작업만을 마쳤습니다. (0x12B)
[1202/093430.904:WARNING:pe_image_reader.cc(340)] could not read dos header from C:\Windows\System32\shcore.dll
[1202/093430.904:ERROR:process_memory_win.cc(73)] ReadMemory at 0x7ffc3d7d0000 of 64 bytes failed: ReadProcessMemory 또는 WriteProcessMemory의 일부 작업만을 마쳤습니다. (0x12B)
[1202/093430.904:WARNING:pe_image_reader.cc(340)] could not read dos header from C:\Windows\SYSTEM32\SSPICLI.DLL
[1202/093430.904:ERROR:process_memory_win.cc(73)] ReadMemory at 0x7ffc3d7d0000 of 64 bytes failed: ReadProcessMemory 또는 WriteProcessMemory의 일부 작업만을 마쳤습니다. (0x12B)
[1202/093430.904:WARNING:pe_image_reader.cc(340)] could not read dos header from C:\Windows\SYSTEM32\SSPICLI.DLL
[1202/093430.905:ERROR:process_memory_win.cc(73)] ReadMemory at 0x7ffc3d2c0000 of 64 bytes failed: ReadProcessMemory 또는 WriteProcessMemory의 일부 작업만을 마쳤습니다. (0x12B)
[1202/093430.905:WARNING:pe_image_reader.cc(340)] could not read dos header from C:\Windows\SYSTEM32\CRYPTBASE.DLL
[1202/093430.905:ERROR:process_memory_win.cc(73)] ReadMemory at 0x7ffc3d2c0000 of 64 bytes failed: ReadProcessMemory 또는 WriteProcessMemory의 일부 작업만을 마쳤습니다. (0x12B)
[1202/093430.905:WARNING:pe_image_reader.cc(340)] could not read dos header from C:\Windows\SYSTEM32\CRYPTBASE.DLL
[1202/093430.979:ERROR:process_memory_win.cc(73)] ReadMemory at 0x7ff6e16c0000 of 64 bytes failed: ReadProcessMemory 또는 WriteProcessMemory의 일부 작업만을 마쳤습니다. (0x12B)
[1202/093430.979:WARNING:pe_image_reader.cc(340)] could not read dos header from C:\Program Files (x86)\Google\Chrome\Application\chrome.exe
[1202/093430.979:ERROR:process_memory_win.cc(73)] ReadMemory at 0x7ffc40a40000 of 64 bytes failed: ReadProcessMemory 또는 WriteProcessMemory의 일부 작업만을 마쳤습니다. (0x12B)
[1202/093430.979:WARNING:pe_image_reader.cc(340)] could not read dos header from C:\Windows\SYSTEM32\ntdll.dll
[1202/093430.979:ERROR:process_memory_win.cc(73)] ReadMemory at 0x7ffc3ee20000 of 64 bytes failed: ReadProcessMemory 또는 WriteProcessMemory의 일부 작업만을 마쳤습니다. (0x12B)
[1202/093430.979:WARNING:pe_image_reader.cc(340)] could not read dos header from C:\Windows\System32\KERNEL32.DLL
[1202/093430.979:ERROR:process_memory_win.cc(73)] ReadMemory at 0x7ffc3e450000 of 64 bytes failed: ReadProcessMemory 또는 WriteProcessMemory의 일부 작업만을 마쳤습니다. (0x12B)
[1202/093430.979:WARNING:pe_image_reader.cc(340)] could not read dos header from C:\Windows\System32\KERNELBASE.dll
[1202/093430.979:ERROR:process_memory_win.cc(73)] ReadMemory at 0x7ffc03990000 of 64 bytes failed: ReadProcessMemory 또는 WriteProcessMemory의 일부 작업만을 마쳤습니다. (0x12B)
[1202/093430.979:WARNING:pe_image_reader.cc(340)] could not read dos header from C:\Program Files (x86)\Google\Chrome\Application\78.0.3904.108\chrome_elf.dll
[1202/093430.979:ERROR:process_memory_win.cc(73)] ReadMemory at 0x7ffc34ce0000 of 64 bytes failed: ReadProcessMemory 또는 WriteProcessMemory의 일부 작업만을 마쳤습니다. (0x12B)
[1202/093430.979:WARNING:pe_image_reader.cc(340)] could not read dos header from C:\Windows\SYSTEM32\VERSION.dll
[1202/093430.979:ERROR:process_memory_win.cc(73)] ReadMemory at 0x7ffc3f040000 of 64 bytes failed: ReadProcessMemory 또는 WriteProcessMemory의 일부 작업만을 마쳤습니다. (0x12B)
[1202/093430.980:WARNING:pe_image_reader.cc(340)] could not read dos header from C:\Windows\System32\msvcrt.dll
[1202/093430.980:ERROR:process_memory_win.cc(73)] ReadMemory at 0x7ffc3e230000 of 64 bytes failed: ReadProcessMemory 또는 WriteProcessMemory의 일부 작업만을 마쳤습니다. (0x12B)
[1202/093430.980:WARNING:pe_image_reader.cc(340)] could not read dos header from C:\Windows\System32\bcryptPrimitives.dll
[1202/093430.980:ERROR:process_memory_win.cc(73)] ReadMemory at 0x7ffc3ed70000 of 64 bytes failed: ReadProcessMemory 또는 WriteProcessMemory의 일부 작업만을 마쳤습니다. (0x12B)
[1202/093430.980:WARNING:pe_image_reader.cc(340)] could not read dos header from C:\Windows\System32\ADVAPI32.dll
[1202/093430.980:ERROR:process_memory_win.cc(73)] ReadMemory at 0x7ffc40930000 of 64 bytes failed: ReadProcessMemory 또는 WriteProcessMemory의 일부 작업만을 마쳤습니다. (0x12B)
[1202/093430.980:WARNING:pe_image_reader.cc(340)] could not read dos header from C:\Windows\System32\sechost.dll
[1202/093430.980:ERROR:process_memory_win.cc(73)] ReadMemory at 0x7ffc3ec20000 of 64 bytes failed: ReadProcessMemory 또는 WriteProcessMemory의 일부 작업만을 마쳤습니다. (0x12B)
[1202/093430.980:WARNING:pe_image_reader.cc(340)] could not read dos header from C:\Windows\System32\RPCRT4.dll
[1202/093430.980:ERROR:process_memory_win.cc(73)] ReadMemory at 0x7ffbdc860000 of 64 bytes failed: ReadProcessMemory 또는 WriteProcessMemory의 일부 작업만을 마쳤습니다. (0x12B)
[1202/093430.980:WARNING:pe_image_reader.cc(340)] could not read dos header from C:\Program Files (x86)\Google\Chrome\Application\78.0.3904.108\chrome_child.dll
[1202/093430.980:ERROR:process_memory_win.cc(73)] ReadMemory at 0x7ffc3f1c0000 of 64 bytes failed: ReadProcessMemory 또는 WriteProcessMemory의 일부 작업만을 마쳤습니다. (0x12B)
[1202/093430.980:WARNING:pe_image_reader.cc(340)] could not read dos header from C:\Windows\System32\OLEAUT32.dll
[1202/093430.980:ERROR:process_memory_win.cc(73)] ReadMemory at 0x7ffc3e700000 of 64 bytes failed: ReadProcessMemory 또는 WriteProcessMemory의 일부 작업만을 마쳤습니다. (0x12B)
[1202/093430.980:WARNING:pe_image_reader.cc(340)] could not read dos header from C:\Windows\System32\msvcp_win.dll
[1202/093430.980:ERROR:process_memory_win.cc(73)] ReadMemory at 0x7ffc3e9c0000 of 64 bytes failed: ReadProcessMemory 또는 WriteProcessMemory의 일부 작업만을 마쳤습니다. (0x12B)
[1202/093430.980:WARNING:pe_image_reader.cc(340)] could not read dos header from C:\Windows\System32\ucrtbase.dll
[1202/093430.980:ERROR:process_memory_win.cc(73)] ReadMemory at 0x7ffc3f440000 of 64 bytes failed: ReadProcessMemory 또는 WriteProcessMemory의 일부 작업만을 마쳤습니다. (0x12B)
[1202/093430.980:WARNING:pe_image_reader.cc(340)] could not read dos header from C:\Windows\System32\combase.dll
[1202/093430.980:ERROR:process_memory_win.cc(73)] ReadMemory at 0x7ffc3f350000 of 64 bytes failed: ReadProcessMemory 또는 WriteProcessMemory의 일부 작업만을 마쳤습니다. (0x12B)
[1202/093430.980:WARNING:pe_image_reader.cc(340)] could not read dos header from C:\Windows\System32\WS2_32.dll
[1202/093430.980:ERROR:process_memory_win.cc(73)] ReadMemory at 0x7ffc3d9a0000 of 64 bytes failed: ReadProcessMemory 또는 WriteProcessMemory의 일부 작업만을 마쳤습니다. (0x12B)
[1202/093430.980:WARNING:pe_image_reader.cc(340)] could not read dos header from C:\Windows\System32\WINTRUST.dll
[1202/093430.981:ERROR:process_memory_win.cc(73)] ReadMemory at 0x7ffc3d910000 of 64 bytes failed: ReadProcessMemory 또는 WriteProcessMemory의 일부 작업만을 마쳤습니다. (0x12B)
[1202/093430.981:WARNING:pe_image_reader.cc(340)] could not read dos header from C:\Windows\System32\MSASN1.dll
[1202/093430.981:ERROR:process_memory_win.cc(73)] ReadMemory at 0x7ffc3e2e0000 of 64 bytes failed: ReadProcessMemory 또는 WriteProcessMemory의 일부 작업만을 마쳤습니다. (0x12B)
[1202/093430.981:WARNING:pe_image_reader.cc(340)] could not read dos header from C:\Windows\System32\CRYPT32.dll
[1202/093430.981:ERROR:process_memory_win.cc(73)] ReadMemory at 0x7ffc3ce00000 of 64 bytes failed: ReadProcessMemory 또는 WriteProcessMemory의 일부 작업만을 마쳤습니다. (0x12B)
[1202/093430.981:WARNING:pe_image_reader.cc(340)] could not read dos header from C:\Windows\SYSTEM32\IPHLPAPI.DLL
[1202/093430.981:ERROR:process_memory_win.cc(73)] ReadMemory at 0x7ffc3b610000 of 64 bytes failed: ReadProcessMemory 또는 WriteProcessMemory의 일부 작업만을 마쳤습니다. (0x12B)
[1202/093430.981:WARNING:pe_image_reader.cc(340)] could not read dos header from C:\Windows\SYSTEM32\WINMM.dll
[1202/093430.981:ERROR:process_memory_win.cc(73)] ReadMemory at 0x7ffc3d800000 of 64 bytes failed: ReadProcessMemory 또는 WriteProcessMemory의 일부 작업만을 마쳤습니다. (0x12B)
[1202/093430.981:WARNING:pe_image_reader.cc(340)] could not read dos header from C:\Windows\SYSTEM32\USERENV.dll
[1202/093430.981:ERROR:process_memory_win.cc(73)] ReadMemory at 0x7ffc3d8f0000 of 64 bytes failed: ReadProcessMemory 또는 WriteProcessMemory의 일부 작업만을 마쳤습니다. (0x12B)
[1202/093430.981:WARNING:pe_image_reader.cc(340)] could not read dos header from C:\Windows\System32\profapi.dll
[1202/093430.981:ERROR:process_memory_win.cc(73)] ReadMemory at 0x7ffc26960000 of 64 bytes failed: ReadProcessMemory 또는 WriteProcessMemory의 일부 작업만을 마쳤습니다. (0x12B)
[1202/093430.981:WARNING:pe_image_reader.cc(340)] could not read dos header from C:\Windows\SYSTEM32\DWrite.dll
[1202/093430.981:ERROR:process_memory_win.cc(73)] ReadMemory at 0x7ffc1ee10000 of 64 bytes failed: ReadProcessMemory 또는 WriteProcessMemory의 일부 작업만을 마쳤습니다. (0x12B)
[1202/093430.981:WARNING:pe_image_reader.cc(340)] could not read dos header from C:\Windows\SYSTEM32\WINSPOOL.DRV
[1202/093430.981:ERROR:process_memory_win.cc(73)] ReadMemory at 0x7ffc3d980000 of 64 bytes failed: ReadProcessMemory 또는 WriteProcessMemory의 일부 작업만을 마쳤습니다. (0x12B)
[1202/093430.981:WARNING:pe_image_reader.cc(340)] could not read dos header from C:\Windows\System32\kernel.appcore.dll
[1202/093430.981:ERROR:process_memory_win.cc(73)] ReadMemory at 0x7ffc3e990000 of 64 bytes failed: ReadProcessMemory 또는 WriteProcessMemory의 일부 작업만을 마쳤습니다. (0x12B)
[1202/093430.981:WARNING:pe_image_reader.cc(340)] could not read dos header from C:\Windows\System32\bcrypt.dll
[1202/093430.981:ERROR:process_memory_win.cc(73)] ReadMemory at 0x7ffc3c2e0000 of 64 bytes failed: ReadProcessMemory 또는 WriteProcessMemory의 일부 작업만을 마쳤습니다. (0x12B)
[1202/093430.981:WARNING:pe_image_reader.cc(340)] could not read dos header from C:\Windows\SYSTEM32\dbghelp.dll
[1202/093430.981:ERROR:process_memory_win.cc(73)] ReadMemory at 0x7ffc31f20000 of 64 bytes failed: ReadProcessMemory 또는 WriteProcessMemory의 일부 작업만을 마쳤습니다. (0x12B)
[1202/093430.982:WARNING:pe_image_reader.cc(340)] could not read dos header from C:\Windows\SYSTEM32\Secur32.dll
[1202/093430.982:ERROR:process_memory_win.cc(73)] ReadMemory at 0x7ffc31c90000 of 64 bytes failed: ReadProcessMemory 또는 WriteProcessMemory의 일부 작업만을 마쳤습니다. (0x12B)
[1202/093430.982:WARNING:pe_image_reader.cc(340)] could not read dos header from C:\Windows\SYSTEM32\WINHTTP.dll
[1202/093430.982:ERROR:process_memory_win.cc(73)] ReadMemory at 0x7ffc35b20000 of 64 bytes failed: ReadProcessMemory 또는 WriteProcessMemory의 일부 작업만을 마쳤습니다. (0x12B)
[1202/093430.982:WARNING:pe_image_reader.cc(340)] could not read dos header from C:\Windows\SYSTEM32\dhcpcsvc.DLL
[1202/093430.982:ERROR:process_memory_win.cc(73)] ReadMemory at 0x7ffc3ead0000 of 64 bytes failed: ReadProcessMemory 또는 WriteProcessMemory의 일부 작업만을 마쳤습니다. (0x12B)
[1202/093430.982:WARNING:pe_image_reader.cc(340)] could not read dos header from C:\Windows\System32\NSI.dll
[1202/093430.982:ERROR:process_memory_win.cc(73)] ReadMemory at 0x7ffc3b5e0000 of 64 bytes failed: ReadProcessMemory 또는 WriteProcessMemory의 일부 작업만을 마쳤습니다. (0x12B)
[1202/093430.982:WARNING:pe_image_reader.cc(340)] could not read dos header from C:\Windows\SYSTEM32\WINMMBASE.dll
[1202/093430.982:ERROR:process_memory_win.cc(73)] ReadMemory at 0x7ffc3e940000 of 64 bytes failed: ReadProcessMemory 또는 WriteProcessMemory의 일부 작업만을 마쳤습니다. (0x12B)
[1202/093430.982:WARNING:pe_image_reader.cc(340)] could not read dos header from C:\Windows\System32\cfgmgr32.dll
[1202/093430.982:ERROR:process_memory_win.cc(73)] ReadMemory at 0x7ffc39f60000 of 64 bytes failed: ReadProcessMemory 또는 WriteProcessMemory의 일부 작업만을 마쳤습니다. (0x12B)
[1202/093430.982:WARNING:pe_image_reader.cc(340)] could not read dos header from C:\Windows\SYSTEM32\PROPSYS.dll
[1202/093430.982:ERROR:process_memory_win.cc(73)] ReadMemory at 0x234867c0000 of 64 bytes failed: ReadProcessMemory 또는 WriteProcessMemory의 일부 작업만을 마쳤습니다. (0x12B)
[1202/093430.982:WARNING:pe_image_reader.cc(340)] could not read dos header from C:\Windows\System32\shcore.dll
[1202/093430.982:ERROR:process_memory_win.cc(73)] ReadMemory at 0x7ffc3d7d0000 of 64 bytes failed: ReadProcessMemory 또는 WriteProcessMemory의 일부 작업만을 마쳤습니다. (0x12B)
[1202/093430.982:WARNING:pe_image_reader.cc(340)] could not read dos header from C:\Windows\SYSTEM32\SSPICLI.DLL
[1202/093430.982:ERROR:process_memory_win.cc(73)] ReadMemory at 0x7ffc3d2c0000 of 64 bytes failed: ReadProcessMemory 또는 WriteProcessMemory의 일부 작업만을 마쳤습니다. (0x12B)
[1202/093430.982:WARNING:pe_image_reader.cc(340)] could not read dos header from C:\Windows\SYSTEM32\CRYPTBASE.DLL
[1202/093430.982:ERROR:process_memory_win.cc(73)] ReadMemory at 0x7ff6e16c0000 of 64 bytes failed: ReadProcessMemory 또는 WriteProcessMemory의 일부 작업만을 마쳤습니다. (0x12B)
[1202/093430.982:WARNING:pe_image_reader.cc(340)] could not read dos header from C:\Program Files (x86)\Google\Chrome\Application\chrome.exe
[1202/093430.982:ERROR:process_memory_win.cc(73)] ReadMemory at 0x7ffc40a40000 of 64 bytes failed: ReadProcessMemory 또는 WriteProcessMemory의 일부 작업만을 마쳤습니다. (0x12B)
[1202/093430.982:WARNING:pe_image_reader.cc(340)] could not read dos header from C:\Windows\SYSTEM32\ntdll.dll
[1202/093430.982:ERROR:process_memory_win.cc(73)] ReadMemory at 0x7ffc3ee20000 of 64 bytes failed: ReadProcessMemory 또는 WriteProcessMemory의 일부 작업만을 마쳤습니다. (0x12B)
[1202/093430.982:WARNING:pe_image_reader.cc(340)] could not read dos header from C:\Windows\System32\KERNEL32.DLL
[1202/093430.982:ERROR:process_memory_win.cc(73)] ReadMemory at 0x7ffc3e450000 of 64 bytes failed: ReadProcessMemory 또는 WriteProcessMemory의 일부 작업만을 마쳤습니다. (0x12B)
[1202/093430.982:WARNING:pe_image_reader.cc(340)] could not read dos header from C:\Windows\System32\KERNELBASE.dll
[1202/093430.983:ERROR:process_memory_win.cc(73)] ReadMemory at 0x7ffc03990000 of 64 bytes failed: ReadProcessMemory 또는 WriteProcessMemory의 일부 작업만을 마쳤습니다. (0x12B)
[1202/093430.983:WARNING:pe_image_reader.cc(340)] could not read dos header from C:\Program Files (x86)\Google\Chrome\Application\78.0.3904.108\chrome_elf.dll
[1202/093430.983:ERROR:process_memory_win.cc(73)] ReadMemory at 0x7ffc34ce0000 of 64 bytes failed: ReadProcessMemory 또는 WriteProcessMemory의 일부 작업만을 마쳤습니다. (0x12B)
[1202/093430.983:WARNING:pe_image_reader.cc(340)] could not read dos header from C:\Windows\SYSTEM32\VERSION.dll
[1202/093430.983:ERROR:process_memory_win.cc(73)] ReadMemory at 0x7ffc3f040000 of 64 bytes failed: ReadProcessMemory 또는 WriteProcessMemory의 일부 작업만을 마쳤습니다. (0x12B)
[1202/093430.983:WARNING:pe_image_reader.cc(340)] could not read dos header from C:\Windows\System32\msvcrt.dll
[1202/093430.983:ERROR:process_memory_win.cc(73)] ReadMemory at 0x7ffc3e230000 of 64 bytes failed: ReadProcessMemory 또는 WriteProcessMemory의 일부 작업만을 마쳤습니다. (0x12B)
[1202/093430.983:WARNING:pe_image_reader.cc(340)] could not read dos header from C:\Windows\System32\bcryptPrimitives.dll
[1202/093430.983:ERROR:process_memory_win.cc(73)] ReadMemory at 0x7ffc3ed70000 of 64 bytes failed: ReadProcessMemory 또는 WriteProcessMemory의 일부 작업만을 마쳤습니다. (0x12B)
[1202/093430.983:WARNING:pe_image_reader.cc(340)] could not read dos header from C:\Windows\System32\ADVAPI32.dll
[1202/093430.983:ERROR:process_memory_win.cc(73)] ReadMemory at 0x7ffc40930000 of 64 bytes failed: ReadProcessMemory 또는 WriteProcessMemory의 일부 작업만을 마쳤습니다. (0x12B)
[1202/093430.983:WARNING:pe_image_reader.cc(340)] could not read dos header from C:\Windows\System32\sechost.dll
[1202/093430.983:ERROR:process_memory_win.cc(73)] ReadMemory at 0x7ffc3ec20000 of 64 bytes failed: ReadProcessMemory 또는 WriteProcessMemory의 일부 작업만을 마쳤습니다. (0x12B)
[1202/093430.983:WARNING:pe_image_reader.cc(340)] could not read dos header from C:\Windows\System32\RPCRT4.dll
[1202/093430.983:ERROR:process_memory_win.cc(73)] ReadMemory at 0x7ffbdc860000 of 64 bytes failed: ReadProcessMemory 또는 WriteProcessMemory의 일부 작업만을 마쳤습니다. (0x12B)
[1202/093430.983:WARNING:pe_image_reader.cc(340)] could not read dos header from C:\Program Files (x86)\Google\Chrome\Application\78.0.3904.108\chrome_child.dll
[1202/093430.983:ERROR:process_memory_win.cc(73)] ReadMemory at 0x7ffc3f1c0000 of 64 bytes failed: ReadProcessMemory 또는 WriteProcessMemory의 일부 작업만을 마쳤습니다. (0x12B)
[1202/093430.983:WARNING:pe_image_reader.cc(340)] could not read dos header from C:\Windows\System32\OLEAUT32.dll
[1202/093430.983:ERROR:process_memory_win.cc(73)] ReadMemory at 0x7ffc3e700000 of 64 bytes failed: ReadProcessMemory 또는 WriteProcessMemory의 일부 작업만을 마쳤습니다. (0x12B)
[1202/093430.983:WARNING:pe_image_reader.cc(340)] could not read dos header from C:\Windows\System32\msvcp_win.dll
[1202/093430.983:ERROR:process_memory_win.cc(73)] ReadMemory at 0x7ffc3e9c0000 of 64 bytes failed: ReadProcessMemory 또는 WriteProcessMemory의 일부 작업만을 마쳤습니다. (0x12B)
[1202/093430.983:WARNING:pe_image_reader.cc(340)] could not read dos header from C:\Windows\System32\ucrtbase.dll
[1202/093430.983:ERROR:process_memory_win.cc(73)] ReadMemory at 0x7ffc3f440000 of 64 bytes failed: ReadProcessMemory 또는 WriteProcessMemory의 일부 작업만을 마쳤습니다. (0x12B)
[1202/093430.983:WARNING:pe_image_reader.cc(340)] could not read dos header from C:\Windows\System32\combase.dll
[1202/093430.983:ERROR:process_memory_win.cc(73)] ReadMemory at 0x7ffc3f350000 of 64 bytes failed: ReadProcessMemory 또는 WriteProcessMemory의 일부 작업만을 마쳤습니다. (0x12B)
[1202/093430.983:WARNING:pe_image_reader.cc(340)] could not read dos header from C:\Windows\System32\WS2_32.dll
[1202/093430.984:ERROR:process_memory_win.cc(73)] ReadMemory at 0x7ffc3d9a0000 of 64 bytes failed: ReadProcessMemory 또는 WriteProcessMemory의 일부 작업만을 마쳤습니다. (0x12B)
[1202/093430.984:WARNING:pe_image_reader.cc(340)] could not read dos header from C:\Windows\System32\WINTRUST.dll
[1202/093430.984:ERROR:process_memory_win.cc(73)] ReadMemory at 0x7ffc3d910000 of 64 bytes failed: ReadProcessMemory 또는 WriteProcessMemory의 일부 작업만을 마쳤습니다. (0x12B)
[1202/093430.984:WARNING:pe_image_reader.cc(340)] could not read dos header from C:\Windows\System32\MSASN1.dll
[1202/093430.984:ERROR:process_memory_win.cc(73)] ReadMemory at 0x7ffc3e2e0000 of 64 bytes failed: ReadProcessMemory 또는 WriteProcessMemory의 일부 작업만을 마쳤습니다. (0x12B)
[1202/093430.984:WARNING:pe_image_reader.cc(340)] could not read dos header from C:\Windows\System32\CRYPT32.dll
[1202/093430.984:ERROR:process_memory_win.cc(73)] ReadMemory at 0x7ffc3ce00000 of 64 bytes failed: ReadProcessMemory 또는 WriteProcessMemory의 일부 작업만을 마쳤습니다. (0x12B)
[1202/093430.984:WARNING:pe_image_reader.cc(340)] could not read dos header from C:\Windows\SYSTEM32\IPHLPAPI.DLL
[1202/093430.984:ERROR:process_memory_win.cc(73)] ReadMemory at 0x7ffc3b610000 of 64 bytes failed: ReadProcessMemory 또는 WriteProcessMemory의 일부 작업만을 마쳤습니다. (0x12B)
[1202/093430.984:WARNING:pe_image_reader.cc(340)] could not read dos header from C:\Windows\SYSTEM32\WINMM.dll
[1202/093430.984:ERROR:process_memory_win.cc(73)] ReadMemory at 0x7ffc3d800000 of 64 bytes failed: ReadProcessMemory 또는 WriteProcessMemory의 일부 작업만을 마쳤습니다. (0x12B)
[1202/093430.984:WARNING:pe_image_reader.cc(340)] could not read dos header from C:\Windows\SYSTEM32\USERENV.dll
[1202/093430.984:ERROR:process_memory_win.cc(73)] ReadMemory at 0x7ffc3d8f0000 of 64 bytes failed: ReadProcessMemory 또는 WriteProcessMemory의 일부 작업만을 마쳤습니다. (0x12B)
[1202/093430.984:WARNING:pe_image_reader.cc(340)] could not read dos header from C:\Windows\System32\profapi.dll
[1202/093430.984:ERROR:process_memory_win.cc(73)] ReadMemory at 0x7ffc26960000 of 64 bytes failed: ReadProcessMemory 또는 WriteProcessMemory의 일부 작업만을 마쳤습니다. (0x12B)
[1202/093430.984:WARNING:pe_image_reader.cc(340)] could not read dos header from C:\Windows\SYSTEM32\DWrite.dll
[1202/093430.984:ERROR:process_memory_win.cc(73)] ReadMemory at 0x7ffc1ee10000 of 64 bytes failed: ReadProcessMemory 또는 WriteProcessMemory의 일부 작업만을 마쳤습니다. (0x12B)
[1202/093430.984:WARNING:pe_image_reader.cc(340)] could not read dos header from C:\Windows\SYSTEM32\WINSPOOL.DRV
[1202/093430.984:ERROR:process_memory_win.cc(73)] ReadMemory at 0x7ffc3d980000 of 64 bytes failed: ReadProcessMemory 또는 WriteProcessMemory의 일부 작업만을 마쳤습니다. (0x12B)
[1202/093430.984:WARNING:pe_image_reader.cc(340)] could not read dos header from C:\Windows\System32\kernel.appcore.dll
[1202/093430.984:ERROR:process_memory_win.cc(73)] ReadMemory at 0x7ffc3e990000 of 64 bytes failed: ReadProcessMemory 또는 WriteProcessMemory의 일부 작업만을 마쳤습니다. (0x12B)
[1202/093430.984:WARNING:pe_image_reader.cc(340)] could not read dos header from C:\Windows\System32\bcrypt.dll
[1202/093430.984:ERROR:process_memory_win.cc(73)] ReadMemory at 0x7ffc3c2e0000 of 64 bytes failed: ReadProcessMemory 또는 WriteProcessMemory의 일부 작업만을 마쳤습니다. (0x12B)
[1202/093430.984:WARNING:pe_image_reader.cc(340)] could not read dos header from C:\Windows\SYSTEM32\dbghelp.dll
[1202/093430.984:ERROR:process_memory_win.cc(73)] ReadMemory at 0x7ffc31f20000 of 64 bytes failed: ReadProcessMemory 또는 WriteProcessMemory의 일부 작업만을 마쳤습니다. (0x12B)
[1202/093430.984:WARNING:pe_image_reader.cc(340)] could not read dos header from C:\Windows\SYSTEM32\Secur32.dll
[1202/093430.984:ERROR:process_memory_win.cc(73)] ReadMemory at 0x7ffc31c90000 of 64 bytes failed: ReadProcessMemory 또는 WriteProcessMemory의 일부 작업만을 마쳤습니다. (0x12B)
[1202/093430.985:WARNING:pe_image_reader.cc(340)] could not read dos header from C:\Windows\SYSTEM32\WINHTTP.dll
[1202/093430.985:ERROR:process_memory_win.cc(73)] ReadMemory at 0x7ffc35b20000 of 64 bytes failed: ReadProcessMemory 또는 WriteProcessMemory의 일부 작업만을 마쳤습니다. (0x12B)
[1202/093430.985:WARNING:pe_image_reader.cc(340)] could not read dos header from C:\Windows\SYSTEM32\dhcpcsvc.DLL
[1202/093430.985:ERROR:process_memory_win.cc(73)] ReadMemory at 0x7ffc3ead0000 of 64 bytes failed: ReadProcessMemory 또는 WriteProcessMemory의 일부 작업만을 마쳤습니다. (0x12B)
[1202/093430.985:WARNING:pe_image_reader.cc(340)] could not read dos header from C:\Windows\System32\NSI.dll
[1202/093430.985:ERROR:process_memory_win.cc(73)] ReadMemory at 0x7ffc3b5e0000 of 64 bytes failed: ReadProcessMemory 또는 WriteProcessMemory의 일부 작업만을 마쳤습니다. (0x12B)
[1202/093430.985:WARNING:pe_image_reader.cc(340)] could not read dos header from C:\Windows\SYSTEM32\WINMMBASE.dll
[1202/093430.985:ERROR:process_memory_win.cc(73)] ReadMemory at 0x7ffc3e940000 of 64 bytes failed: ReadProcessMemory 또는 WriteProcessMemory의 일부 작업만을 마쳤습니다. (0x12B)
[1202/093430.985:WARNING:pe_image_reader.cc(340)] could not read dos header from C:\Windows\System32\cfgmgr32.dll
[1202/093430.985:ERROR:process_memory_win.cc(73)] ReadMemory at 0x7ffc39f60000 of 64 bytes failed: ReadProcessMemory 또는 WriteProcessMemory의 일부 작업만을 마쳤습니다. (0x12B)
[1202/093430.985:WARNING:pe_image_reader.cc(340)] could not read dos header from C:\Windows\SYSTEM32\PROPSYS.dll
[1202/093430.985:ERROR:process_memory_win.cc(73)] ReadMemory at 0x234867c0000 of 64 bytes failed: ReadProcessMemory 또는 WriteProcessMemory의 일부 작업만을 마쳤습니다. (0x12B)
[1202/093430.985:WARNING:pe_image_reader.cc(340)] could not read dos header from C:\Windows\System32\shcore.dll
[1202/093430.985:ERROR:process_memory_win.cc(73)] ReadMemory at 0x7ffc3d7d0000 of 64 bytes failed: ReadProcessMemory 또는 WriteProcessMemory의 일부 작업만을 마쳤습니다. (0x12B)
[1202/093430.985:WARNING:pe_image_reader.cc(340)] could not read dos header from C:\Windows\SYSTEM32\SSPICLI.DLL
[1202/093430.985:ERROR:process_memory_win.cc(73)] ReadMemory at 0x7ffc3d2c0000 of 64 bytes failed: ReadProcessMemory 또는 WriteProcessMemory의 일부 작업만을 마쳤습니다. (0x12B)
[1202/093430.985:WARNING:pe_image_reader.cc(340)] could not read dos header from C:\Windows\SYSTEM32\CRYPTBASE.DLL
[1202/093431.010:ERROR:process_memory_win.cc(73)] ReadMemory at 0xf33ebf9000 of 28672 bytes failed: ReadProcessMemory 또는 WriteProcessMemory의 일부 작업만을 마쳤습니다. (0x12B)
[1202/093431.010:ERROR:process_memory_win.cc(73)] ReadMemory at 0xf33f3fd000 of 12288 bytes failed: ReadProcessMemory 또는 WriteProcessMemory의 일부 작업만을 마쳤습니다. (0x12B)
[1202/093431.010:ERROR:process_memory_win.cc(73)] ReadMemory at 0xf33fbfd000 of 12288 bytes failed: ReadProcessMemory 또는 WriteProcessMemory의 일부 작업만을 마쳤습니다. (0x12B)
[1202/093431.011:ERROR:process_memory_win.cc(73)] ReadMemory at 0xf3403fd000 of 12288 bytes failed: ReadProcessMemory 또는 WriteProcessMemory의 일부 작업만을 마쳤습니다. (0x12B)
[1202/093431.011:ERROR:process_memory_win.cc(73)] ReadMemory at 0xf340bfc000 of 16384 bytes failed: ReadProcessMemory 또는 WriteProcessMemory의 일부 작업만을 마쳤습니다. (0x12B)
[1202/093431.011:ERROR:process_memory_win.cc(73)] ReadMemory at 0xf3413fe000 of 8192 bytes failed: ReadProcessMemory 또는 WriteProcessMemory의 일부 작업만을 마쳤습니다. (0x12B)
[1202/093431.011:ERROR:process_memory_win.cc(73)] ReadMemory at 0xf341bfd000 of 12288 bytes failed: ReadProcessMemory 또는 WriteProcessMemory의 일부 작업만을 마쳤습니다. (0x12B)
[1202/093431.011:ERROR:process_memory_win.cc(73)] ReadMemory at 0xf3423fd000 of 12288 bytes failed: ReadProcessMemory 또는 WriteProcessMemory의 일부 작업만을 마쳤습니다. (0x12B)
[1202/093431.011:ERROR:process_memory_win.cc(73)] ReadMemory at 0xf342bfd000 of 12288 bytes failed: ReadProcessMemory 또는 WriteProcessMemory의 일부 작업만을 마쳤습니다. (0x12B)
[1202/093431.012:ERROR:process_memory_win.cc(73)] ReadMemory at 0xf3433fd000 of 12288 bytes failed: ReadProcessMemory 또는 WriteProcessMemory의 일부 작업만을 마쳤습니다. (0x12B)
[1202/093431.012:ERROR:process_memory_win.cc(73)] ReadMemory at 0xf343bfd000 of 12288 bytes failed: ReadProcessMemory 또는 WriteProcessMemory의 일부 작업만을 마쳤습니다. (0x12B)
[1202/093431.012:ERROR:process_memory_win.cc(73)] ReadMemory at 0xf3443fd000 of 12288 bytes failed: ReadProcessMemory 또는 WriteProcessMemory의 일부 작업만을 마쳤습니다. (0x12B)
[1202/093431.012:ERROR:process_memory_win.cc(73)] ReadMemory at 0xf344bfd000 of 12288 bytes failed: ReadProcessMemory 또는 WriteProcessMemory의 일부 작업만을 마쳤습니다. (0x12B)
[1202/093431.012:ERROR:process_memory_win.cc(73)] ReadMemory at 0xf3453fd000 of 12288 bytes failed: ReadProcessMemory 또는 WriteProcessMemory의 일부 작업만을 마쳤습니다. (0x12B)
[1202/093431.012:ERROR:process_memory_win.cc(73)] ReadMemory at 0xf33e3bd000 of 852 bytes failed: ReadProcessMemory 또는 WriteProcessMemory의 일부 작업만을 마쳤습니다. (0x12B)
[1202/093431.013:ERROR:process_memory_win.cc(73)] ReadMemory at 0xf33e3be000 of 6024 bytes failed: ReadProcessMemory 또는 WriteProcessMemory의 일부 작업만을 마쳤습니다. (0x12B)
[1202/093431.013:ERROR:process_memory_win.cc(73)] ReadMemory at 0xf33e3c0000 of 6024 bytes failed: ReadProcessMemory 또는 WriteProcessMemory의 일부 작업만을 마쳤습니다. (0x12B)
[1202/093431.013:ERROR:process_memory_win.cc(73)] ReadMemory at 0xf33e3c2000 of 6024 bytes failed: ReadProcessMemory 또는 WriteProcessMemory의 일부 작업만을 마쳤습니다. (0x12B)
[1202/093431.014:ERROR:process_memory_win.cc(73)] ReadMemory at 0xf33e3c4000 of 6024 bytes failed: ReadProcessMemory 또는 WriteProcessMemory의 일부 작업만을 마쳤습니다. (0x12B)
[1202/093431.014:ERROR:process_memory_win.cc(73)] ReadMemory at 0xf33e3c6000 of 6024 bytes failed: ReadProcessMemory 또는 WriteProcessMemory의 일부 작업만을 마쳤습니다. (0x12B)
[1202/093431.014:ERROR:process_memory_win.cc(73)] ReadMemory at 0xf33e3c8000 of 6024 bytes failed: ReadProcessMemory 또는 WriteProcessMemory의 일부 작업만을 마쳤습니다. (0x12B)
[1202/093431.014:ERROR:process_memory_win.cc(73)] ReadMemory at 0xf33e3ca000 of 6024 bytes failed: ReadProcessMemory 또는 WriteProcessMemory의 일부 작업만을 마쳤습니다. (0x12B)
[1202/093431.014:ERROR:process_memory_win.cc(73)] ReadMemory at 0xf33e3cc000 of 6024 bytes failed: ReadProcessMemory 또는 WriteProcessMemory의 일부 작업만을 마쳤습니다. (0x12B)
[1202/093431.015:ERROR:process_memory_win.cc(73)] ReadMemory at 0xf33e3ce000 of 6024 bytes failed: ReadProcessMemory 또는 WriteProcessMemory의 일부 작업만을 마쳤습니다. (0x12B)
[1202/093431.015:ERROR:process_memory_win.cc(73)] ReadMemory at 0xf33e3d0000 of 6024 bytes failed: ReadProcessMemory 또는 WriteProcessMemory의 일부 작업만을 마쳤습니다. (0x12B)
[1202/093431.015:ERROR:process_memory_win.cc(73)] ReadMemory at 0xf33e3d2000 of 6024 bytes failed: ReadProcessMemory 또는 WriteProcessMemory의 일부 작업만을 마쳤습니다. (0x12B)
[1202/093431.015:ERROR:process_memory_win.cc(73)] ReadMemory at 0xf33e3d4000 of 6024 bytes failed: ReadProcessMemory 또는 WriteProcessMemory의 일부 작업만을 마쳤습니다. (0x12B)
[1202/093431.015:ERROR:process_memory_win.cc(73)] ReadMemory at 0xf33e3d6000 of 6024 bytes failed: ReadProcessMemory 또는 WriteProcessMemory의 일부 작업만을 마쳤습니다. (0x12B)
[1202/093431.015:ERROR:process_memory_win.cc(73)] ReadMemory at 0xf33e3d8000 of 6024 bytes failed: ReadProcessMemory 또는 WriteProcessMemory의 일부 작업만을 마쳤습니다. (0x12B)
[1202/093431.016:ERROR:process_memory_win.cc(73)] ReadMemory at 0x23486590fe0 of 4210 bytes failed: ReadProcessMemory 또는 WriteProcessMemory의 일부 작업만을 마쳤습니다. (0x12B)
[1202/093431.016:ERROR:process_memory_win.cc(73)] ReadMemory at 0x23486592060 of 1012 bytes failed: ReadProcessMemory 또는 WriteProcessMemory의 일부 작업만을 마쳤습니다. (0x12B)
[1202/093431.016:ERROR:process_memory_win.cc(73)] ReadMemory at 0x234865926a8 of 118 bytes failed: ReadProcessMemory 또는 WriteProcessMemory의 일부 작업만을 마쳤습니다. (0x12B)
[1202/093431.016:ERROR:process_memory_win.cc(73)] ReadMemory at 0x23486592720 of 914 bytes failed: ReadProcessMemory 또는 WriteProcessMemory의 일부 작업만을 마쳤습니다. (0x12B)
[1202/093431.016:ERROR:process_memory_win.cc(73)] ReadMemory at 0x23486592ab4 of 118 bytes failed: ReadProcessMemory 또는 WriteProcessMemory의 일부 작업만을 마쳤습니다. (0x12B)
[1202/093431.016:ERROR:process_memory_win.cc(73)] ReadMemory at 0x23486592b2c of 96 bytes failed: ReadProcessMemory 또는 WriteProcessMemory의 일부 작업만을 마쳤습니다. (0x12B)
[1202/093431.016:ERROR:process_memory_win.cc(73)] ReadMemory at 0x23486592ba0 of 58 bytes failed: ReadProcessMemory 또는 WriteProcessMemory의 일부 작업만을 마쳤습니다. (0x12B)
[1202/093431.016:ERROR:process_memory_win.cc(73)] ReadMemory at 0x23486592ca0 of 132 bytes failed: ReadProcessMemory 또는 WriteProcessMemory의 일부 작업만을 마쳤습니다. (0x12B)
[1202/093431.016:ERROR:process_memory_win.cc(73)] ReadMemory at 0x23486592e30 of 132 bytes failed: ReadProcessMemory 또는 WriteProcessMemory의 일부 작업만을 마쳤습니다. (0x12B)
[1202/093431.016:ERROR:process_memory_win.cc(73)] ReadMemory at 0x23486592ff0 of 126 bytes failed: ReadProcessMemory 또는 WriteProcessMemory의 일부 작업만을 마쳤습니다. (0x12B)
[1202/093431.016:ERROR:process_memory_win.cc(73)] ReadMemory at 0x234865933d0 of 132 bytes failed: ReadProcessMemory 또는 WriteProcessMemory의 일부 작업만을 마쳤습니다. (0x12B)
[1202/093431.017:ERROR:process_memory_win.cc(73)] ReadMemory at 0x23486593560 of 64 bytes failed: ReadProcessMemory 또는 WriteProcessMemory의 일부 작업만을 마쳤습니다. (0x12B)
[1202/093431.017:ERROR:process_memory_win.cc(73)] ReadMemory at 0x234865935b0 of 132 bytes failed: ReadProcessMemory 또는 WriteProcessMemory의 일부 작업만을 마쳤습니다. (0x12B)
[1202/093431.017:ERROR:process_memory_win.cc(73)] ReadMemory at 0x23486593720 of 132 bytes failed: ReadProcessMemory 또는 WriteProcessMemory의 일부 작업만을 마쳤습니다. (0x12B)
[1202/093431.017:ERROR:process_memory_win.cc(73)] ReadMemory at 0x234865939c0 of 132 bytes failed: ReadProcessMemory 또는 WriteProcessMemory의 일부 작업만을 마쳤습니다. (0x12B)
[1202/093431.017:ERROR:process_memory_win.cc(73)] ReadMemory at 0x23486593b50 of 68 bytes failed: ReadProcessMemory 또는 WriteProcessMemory의 일부 작업만을 마쳤습니다. (0x12B)
[1202/093431.017:ERROR:process_memory_win.cc(73)] ReadMemory at 0x23486594b30 of 158 bytes failed: ReadProcessMemory 또는 WriteProcessMemory의 일부 작업만을 마쳤습니다. (0x12B)
[1202/093431.017:ERROR:process_memory_win.cc(73)] ReadMemory at 0x23486594c10 of 132 bytes failed: ReadProcessMemory 또는 WriteProcessMemory의 일부 작업만을 마쳤습니다. (0x12B)
[1202/093431.017:ERROR:process_memory_win.cc(73)] ReadMemory at 0x23486594da0 of 154 bytes failed: ReadProcessMemory 또는 WriteProcessMemory의 일부 작업만을 마쳤습니다. (0x12B)
[1202/093431.017:ERROR:process_memory_win.cc(73)] ReadMemory at 0x23486595b80 of 62 bytes failed: ReadProcessMemory 또는 WriteProcessMemory의 일부 작업만을 마쳤습니다. (0x12B)
[1202/093431.017:ERROR:process_memory_win.cc(73)] ReadMemory at 0x23486595d70 of 132 bytes failed: ReadProcessMemory 또는 WriteProcessMemory의 일부 작업만을 마쳤습니다. (0x12B)
[1202/093431.017:ERROR:process_memory_win.cc(73)] ReadMemory at 0x23486595ea0 of 60 bytes failed: ReadProcessMemory 또는 WriteProcessMemory의 일부 작업만을 마쳤습니다. (0x12B)
[1202/093431.018:ERROR:process_memory_win.cc(73)] ReadMemory at 0x2348659672c of 512 bytes failed: ReadProcessMemory 또는 WriteProcessMemory의 일부 작업만을 마쳤습니다. (0x12B)
[1202/093431.018:ERROR:process_memory_win.cc(73)] ReadMemory at 0x23486597350 of 132 bytes failed: ReadProcessMemory 또는 WriteProcessMemory의 일부 작업만을 마쳤습니다. (0x12B)
[1202/093431.018:ERROR:process_memory_win.cc(73)] ReadMemory at 0x234865976a0 of 132 bytes failed: ReadProcessMemory 또는 WriteProcessMemory의 일부 작업만을 마쳤습니다. (0x12B)
[1202/093431.018:ERROR:process_memory_win.cc(73)] ReadMemory at 0x234865978b0 of 132 bytes failed: ReadProcessMemory 또는 WriteProcessMemory의 일부 작업만을 마쳤습니다. (0x12B)
[1202/093431.018:ERROR:process_memory_win.cc(73)] ReadMemory at 0x23486597a40 of 80 bytes failed: ReadProcessMemory 또는 WriteProcessMemory의 일부 작업만을 마쳤습니다. (0x12B)
[1202/093431.018:ERROR:process_memory_win.cc(73)] ReadMemory at 0x2348659a0a0 of 66 bytes failed: ReadProcessMemory 또는 WriteProcessMemory의 일부 작업만을 마쳤습니다. (0x12B)
[1202/093431.018:ERROR:process_memory_win.cc(73)] ReadMemory at 0x2348659a140 of 62 bytes failed: ReadProcessMemory 또는 WriteProcessMemory의 일부 작업만을 마쳤습니다. (0x12B)
[1202/093431.019:ERROR:process_memory_win.cc(73)] ReadMemory at 0x2348659a190 of 60 bytes failed: ReadProcessMemory 또는 WriteProcessMemory의 일부 작업만을 마쳤습니다. (0x12B)
[1202/093431.019:ERROR:process_memory_win.cc(73)] ReadMemory at 0x2348659a1e0 of 64 bytes failed: ReadProcessMemory 또는 WriteProcessMemory의 일부 작업만을 마쳤습니다. (0x12B)
[1202/093431.019:ERROR:process_memory_win.cc(73)] ReadMemory at 0x2348659a230 of 64 bytes failed: ReadProcessMemory 또는 WriteProcessMemory의 일부 작업만을 마쳤습니다. (0x12B)
[1202/093431.019:ERROR:process_memory_win.cc(73)] ReadMemory at 0x2348659a3c0 of 64 bytes failed: ReadProcessMemory 또는 WriteProcessMemory의 일부 작업만을 마쳤습니다. (0x12B)
[1202/093431.019:ERROR:process_memory_win.cc(73)] ReadMemory at 0x2348659a410 of 64 bytes failed: ReadProcessMemory 또는 WriteProcessMemory의 일부 작업만을 마쳤습니다. (0x12B)
[1202/093431.019:ERROR:process_memory_win.cc(73)] ReadMemory at 0x2348659a5a0 of 60 bytes failed: ReadProcessMemory 또는 WriteProcessMemory의 일부 작업만을 마쳤습니다. (0x12B)
[1202/093431.019:ERROR:process_memory_win.cc(73)] ReadMemory at 0x2348659a6e0 of 62 bytes failed: ReadProcessMemory 또는 WriteProcessMemory의 일부 작업만을 마쳤습니다. (0x12B)
[1202/093431.019:ERROR:process_memory_win.cc(73)] ReadMemory at 0x2348659ab70 of 132 bytes failed: ReadProcessMemory 또는 WriteProcessMemory의 일부 작업만을 마쳤습니다. (0x12B)
[1202/093431.019:ERROR:process_memory_win.cc(73)] ReadMemory at 0x2348659ade0 of 132 bytes failed: ReadProcessMemory 또는 WriteProcessMemory의 일부 작업만을 마쳤습니다. (0x12B)
[1202/093431.019:ERROR:process_memory_win.cc(73)] ReadMemory at 0x2348659af10 of 132 bytes failed: ReadProcessMemory 또는 WriteProcessMemory의 일부 작업만을 마쳤습니다. (0x12B)
[1202/093431.020:ERROR:process_memory_win.cc(73)] ReadMemory at 0x2348659b170 of 132 bytes failed: ReadProcessMemory 또는 WriteProcessMemory의 일부 작업만을 마쳤습니다. (0x12B)
[1202/093431.020:ERROR:process_memory_win.cc(73)] ReadMemory at 0x2348659b2a0 of 132 bytes failed: ReadProcessMemory 또는 WriteProcessMemory의 일부 작업만을 마쳤습니다. (0x12B)
[1202/093431.020:ERROR:process_memory_win.cc(73)] ReadMemory at 0x2348659b3d0 of 132 bytes failed: ReadProcessMemory 또는 WriteProcessMemory의 일부 작업만을 마쳤습니다. (0x12B)
[1202/093431.020:ERROR:process_memory_win.cc(73)] ReadMemory at 0x2348659b500 of 132 bytes failed: ReadProcessMemory 또는 WriteProcessMemory의 일부 작업만을 마쳤습니다. (0x12B)
[1202/093431.020:ERROR:process_memory_win.cc(73)] ReadMemory at 0x2348659b630 of 132 bytes failed: ReadProcessMemory 또는 WriteProcessMemory의 일부 작업만을 마쳤습니다. (0x12B)
[1202/093431.020:ERROR:process_memory_win.cc(73)] ReadMemory at 0x2348659b760 of 132 bytes failed: ReadProcessMemory 또는 WriteProcessMemory의 일부 작업만을 마쳤습니다. (0x12B)
[1202/093431.020:ERROR:process_memory_win.cc(73)] ReadMemory at 0x2348659b890 of 132 bytes failed: ReadProcessMemory 또는 WriteProcessMemory의 일부 작업만을 마쳤습니다. (0x12B)
[1202/093431.020:ERROR:process_memory_win.cc(73)] ReadMemory at 0x2348659b9c0 of 132 bytes failed: ReadProcessMemory 또는 WriteProcessMemory의 일부 작업만을 마쳤습니다. (0x12B)
[1202/093431.021:ERROR:process_memory_win.cc(73)] ReadMemory at 0x2348659baf0 of 132 bytes failed: ReadProcessMemory 또는 WriteProcessMemory의 일부 작업만을 마쳤습니다. (0x12B)
[1202/093431.021:ERROR:process_memory_win.cc(73)] ReadMemory at 0x2348659bc20 of 132 bytes failed: ReadProcessMemory 또는 WriteProcessMemory의 일부 작업만을 마쳤습니다. (0x12B)
[1202/093431.021:ERROR:process_memory_win.cc(73)] ReadMemory at 0x2348659d120 of 54 bytes failed: ReadProcessMemory 또는 WriteProcessMemory의 일부 작업만을 마쳤습니다. (0x12B)
[1202/093431.021:ERROR:process_memory_win.cc(73)] ReadMemory at 0x2348659e090 of 132 bytes failed: ReadProcessMemory 또는 WriteProcessMemory의 일부 작업만을 마쳤습니다. (0x12B)
[1202/093431.021:ERROR:process_memory_win.cc(73)] ReadMemory at 0x2348659f150 of 132 bytes failed: ReadProcessMemory 또는 WriteProcessMemory의 일부 작업만을 마쳤습니다. (0x12B)
[1202/093431.021:ERROR:process_memory_win.cc(73)] ReadMemory at 0x234865a2ef0 of 132 bytes failed: ReadProcessMemory 또는 WriteProcessMemory의 일부 작업만을 마쳤습니다. (0x12B)
[1202/093431.021:ERROR:process_memory_win.cc(73)] ReadMemory at 0x234865a3020 of 132 bytes failed: ReadProcessMemory 또는 WriteProcessMemory의 일부 작업만을 마쳤습니다. (0x12B)
[1202/093431.021:ERROR:process_memory_win.cc(73)] ReadMemory at 0x234865a3300 of 132 bytes failed: ReadProcessMemory 또는 WriteProcessMemory의 일부 작업만을 마쳤습니다. (0x12B)
[1202/093431.022:ERROR:process_memory_win.cc(73)] ReadMemory at 0x234865a4800 of 76 bytes failed: ReadProcessMemory 또는 WriteProcessMemory의 일부 작업만을 마쳤습니다. (0x12B)
[1202/093431.022:ERROR:process_memory_win.cc(73)] ReadMemory at 0x234865a5120 of 62 bytes failed: ReadProcessMemory 또는 WriteProcessMemory의 일부 작업만을 마쳤습니다. (0x12B)
[1202/093431.022:ERROR:process_memory_win.cc(73)] ReadMemory at 0x234865a5170 of 60 bytes failed: ReadProcessMemory 또는 WriteProcessMemory의 일부 작업만을 마쳤습니다. (0x12B)
[1202/093431.022:ERROR:process_memory_win.cc(73)] ReadMemory at 0x234865a51c0 of 66 bytes failed: ReadProcessMemory 또는 WriteProcessMemory의 일부 작업만을 마쳤습니다. (0x12B)
[1202/093431.022:ERROR:process_memory_win.cc(73)] ReadMemory at 0x234865a5300 of 62 bytes failed: ReadProcessMemory 또는 WriteProcessMemory의 일부 작업만을 마쳤습니다. (0x12B)
[1202/093431.022:ERROR:process_memory_win.cc(73)] ReadMemory at 0x234865a54e0 of 60 bytes failed: ReadProcessMemory 또는 WriteProcessMemory의 일부 작업만을 마쳤습니다. (0x12B)
[1202/093431.023:ERROR:process_memory_win.cc(73)] ReadMemory at 0x234865a55d0 of 64 bytes failed: ReadProcessMemory 또는 WriteProcessMemory의 일부 작업만을 마쳤습니다. (0x12B)
[1202/093431.023:ERROR:process_memory_win.cc(73)] ReadMemory at 0x234865a5620 of 60 bytes failed: ReadProcessMemory 또는 WriteProcessMemory의 일부 작업만을 마쳤습니다. (0x12B)
[1202/093431.023:ERROR:process_memory_win.cc(73)] ReadMemory at 0x234865a5670 of 62 bytes failed: ReadProcessMemory 또는 WriteProcessMemory의 일부 작업만을 마쳤습니다. (0x12B)
[1202/093431.023:ERROR:process_memory_win.cc(73)] ReadMemory at 0x234865a56c0 of 64 bytes failed: ReadProcessMemory 또는 WriteProcessMemory의 일부 작업만을 마쳤습니다. (0x12B)
[1202/093431.023:ERROR:process_memory_win.cc(73)] ReadMemory at 0x234865a5760 of 64 bytes failed: ReadProcessMemory 또는 WriteProcessMemory의 일부 작업만을 마쳤습니다. (0x12B)
[1202/093431.023:ERROR:process_memory_win.cc(73)] ReadMemory at 0x234865a57b0 of 58 bytes failed: ReadProcessMemory 또는 WriteProcessMemory의 일부 작업만을 마쳤습니다. (0x12B)
[1202/093431.023:ERROR:process_memory_win.cc(73)] ReadMemory at 0x234865a5800 of 62 bytes failed: ReadProcessMemory 또는 WriteProcessMemory의 일부 작업만을 마쳤습니다. (0x12B)
[1202/093431.023:ERROR:process_memory_win.cc(73)] ReadMemory at 0x234865a58a0 of 62 bytes failed: ReadProcessMemory 또는 WriteProcessMemory의 일부 작업만을 마쳤습니다. (0x12B)
[1202/093431.024:ERROR:process_memory_win.cc(73)] ReadMemory at 0x234865a5940 of 62 bytes failed: ReadProcessMemory 또는 WriteProcessMemory의 일부 작업만을 마쳤습니다. (0x12B)
[1202/093431.024:ERROR:process_memory_win.cc(73)] ReadMemory at 0x234865a5d50 of 62 bytes failed: ReadProcessMemory 또는 WriteProcessMemory의 일부 작업만을 마쳤습니다. (0x12B)
[1202/093431.024:ERROR:process_memory_win.cc(73)] ReadMemory at 0x234865a5df0 of 60 bytes failed: ReadProcessMemory 또는 WriteProcessMemory의 일부 작업만을 마쳤습니다. (0x12B)
[1202/093431.024:ERROR:process_memory_win.cc(73)] ReadMemory at 0x234865a5ee0 of 62 bytes failed: ReadProcessMemory 또는 WriteProcessMemory의 일부 작업만을 마쳤습니다. (0x12B)
[1202/093431.024:ERROR:process_memory_win.cc(73)] ReadMemory at 0x234865a5f80 of 64 bytes failed: ReadProcessMemory 또는 WriteProcessMemory의 일부 작업만을 마쳤습니다. (0x12B)
[1202/093431.024:ERROR:process_memory_win.cc(73)] ReadMemory at 0x234865a6b10 of 132 bytes failed: ReadProcessMemory 또는 WriteProcessMemory의 일부 작업만을 마쳤습니다. (0x12B)
[1202/093431.024:ERROR:process_memory_win.cc(73)] ReadMemory at 0x234865a6fd0 of 132 bytes failed: ReadProcessMemory 또는 WriteProcessMemory의 일부 작업만을 마쳤습니다. (0x12B)
[1202/093431.024:ERROR:process_memory_win.cc(73)] ReadMemory at 0x234865a7100 of 132 bytes failed: ReadProcessMemory 또는 WriteProcessMemory의 일부 작업만을 마쳤습니다. (0x12B)
[1202/093431.024:ERROR:process_memory_win.cc(73)] ReadMemory at 0x234865a7230 of 132 bytes failed: ReadProcessMemory 또는 WriteProcessMemory의 일부 작업만을 마쳤습니다. (0x12B)
[1202/093431.025:ERROR:process_memory_win.cc(73)] ReadMemory at 0x234865a7360 of 132 bytes failed: ReadProcessMemory 또는 WriteProcessMemory의 일부 작업만을 마쳤습니다. (0x12B)
[1202/093431.025:ERROR:process_memory_win.cc(73)] ReadMemory at 0x234865a7490 of 132 bytes failed: ReadProcessMemory 또는 WriteProcessMemory의 일부 작업만을 마쳤습니다. (0x12B)
[1202/093431.025:ERROR:process_memory_win.cc(73)] ReadMemory at 0x234865a7950 of 132 bytes failed: ReadProcessMemory 또는 WriteProcessMemory의 일부 작업만을 마쳤습니다. (0x12B)
[1202/093431.025:ERROR:process_memory_win.cc(73)] ReadMemory at 0x234865a8530 of 132 bytes failed: ReadProcessMemory 또는 WriteProcessMemory의 일부 작업만을 마쳤습니다. (0x12B)
[1202/093431.025:ERROR:process_memory_win.cc(73)] ReadMemory at 0x234865a8790 of 132 bytes failed: ReadProcessMemory 또는 WriteProcessMemory의 일부 작업만을 마쳤습니다. (0x12B)
[1202/093431.025:ERROR:process_memory_win.cc(73)] ReadMemory at 0x234865aa580 of 512 bytes failed: ReadProcessMemory 또는 WriteProcessMemory의 일부 작업만을 마쳤습니다. (0x12B)
[1202/093431.025:ERROR:process_memory_win.cc(73)] ReadMemory at 0x234865bb980 of 512 bytes failed: ReadProcessMemory 또는 WriteProcessMemory의 일부 작업만을 마쳤습니다. (0x12B)
[1202/093431.025:ERROR:process_memory_win.cc(73)] ReadMemory at 0x234868c0d90 of 752 bytes failed: ReadProcessMemory 또는 WriteProcessMemory의 일부 작업만을 마쳤습니다. (0x12B)
[1202/093431.025:ERROR:process_memory_win.cc(73)] ReadMemory at 0x23486967240 of 512 bytes failed: ReadProcessMemory 또는 WriteProcessMemory의 일부 작업만을 마쳤습니다. (0x12B)
[1202/093431.025:ERROR:process_memory_win.cc(73)] ReadMemory at 0x2348696b8f0 of 512 bytes failed: ReadProcessMemory 또는 WriteProcessMemory의 일부 작업만을 마쳤습니다. (0x12B)
[1202/093431.025:ERROR:process_memory_win.cc(73)] ReadMemory at 0x23486998ad0 of 712 bytes failed: ReadProcessMemory 또는 WriteProcessMemory의 일부 작업만을 마쳤습니다. (0x12B)
[1202/093431.026:ERROR:process_memory_win.cc(73)] ReadMemory at 0x234869a4bc0 of 512 bytes failed: ReadProcessMemory 또는 WriteProcessMemory의 일부 작업만을 마쳤습니다. (0x12B)
[1202/093431.026:ERROR:process_memory_win.cc(73)] ReadMemory at 0x234869a5178 of 512 bytes failed: ReadProcessMemory 또는 WriteProcessMemory의 일부 작업만을 마쳤습니다. (0x12B)
[1202/093431.026:ERROR:process_memory_win.cc(73)] ReadMemory at 0x234869a5b98 of 512 bytes failed: ReadProcessMemory 또는 WriteProcessMemory의 일부 작업만을 마쳤습니다. (0x12B)
[1202/093431.026:ERROR:process_memory_win.cc(73)] ReadMemory at 0x234869a61c8 of 512 bytes failed: ReadProcessMemory 또는 WriteProcessMemory의 일부 작업만을 마쳤습니다. (0x12B)
[1202/093431.026:ERROR:process_memory_win.cc(73)] ReadMemory at 0x234869a66d8 of 512 bytes failed: ReadProcessMemory 또는 WriteProcessMemory의 일부 작업만을 마쳤습니다. (0x12B)
[1202/093431.026:ERROR:process_memory_win.cc(73)] ReadMemory at 0x234869a6e28 of 512 bytes failed: ReadProcessMemory 또는 WriteProcessMemory의 일부 작업만을 마쳤습니다. (0x12B)
[1202/093431.026:ERROR:process_memory_win.cc(73)] ReadMemory at 0x234869bc180 of 512 bytes failed: ReadProcessMemory 또는 WriteProcessMemory의 일부 작업만을 마쳤습니다. (0x12B)
[1202/093431.026:ERROR:process_memory_win.cc(73)] ReadMemory at 0x2348885af50 of 512 bytes failed: ReadProcessMemory 또는 WriteProcessMemory의 일부 작업만을 마쳤습니다. (0x12B)
[1202/093431.026:ERROR:process_memory_win.cc(73)] ReadMemory at 0x234888864f0 of 512 bytes failed: ReadProcessMemory 또는 WriteProcessMemory의 일부 작업만을 마쳤습니다. (0x12B)
[1202/093431.026:ERROR:process_memory_win.cc(73)] ReadMemory at 0x234888bf6f8 of 512 bytes failed: ReadProcessMemory 또는 WriteProcessMemory의 일부 작업만을 마쳤습니다. (0x12B)
[1202/093431.026:ERROR:process_memory_win.cc(73)] ReadMemory at 0x7ffbde2ec62c of 512 bytes failed: ReadProcessMemory 또는 WriteProcessMemory의 일부 작업만을 마쳤습니다. (0x12B)
[1202/093431.026:ERROR:process_memory_win.cc(73)] ReadMemory at 0x7ffbdea55294 of 553 bytes failed: ReadProcessMemory 또는 WriteProcessMemory의 일부 작업만을 마쳤습니다. (0x12B)
[1202/093431.027:ERROR:process_memory_win.cc(73)] ReadMemory at 0x7ffbe1a23250 of 512 bytes failed: ReadProcessMemory 또는 WriteProcessMemory의 일부 작업만을 마쳤습니다. (0x12B)
[1202/093431.027:ERROR:process_memory_win.cc(73)] ReadMemory at 0x7ffc3e6bb6d0 of 512 bytes failed: ReadProcessMemory 또는 WriteProcessMemory의 일부 작업만을 마쳤습니다. (0x12B)
[1202/093431.027:ERROR:process_memory_win.cc(73)] ReadMemory at 0x7ffc40adc0c4 of 672 bytes failed: ReadProcessMemory 또는 WriteProcessMemory의 일부 작업만을 마쳤습니다. (0x12B)
[1202/093431.027:ERROR:process_memory_win.cc(73)] ReadMemory at 0x7ffc40adc6c4 of 512 bytes failed: ReadProcessMemory 또는 WriteProcessMemory의 일부 작업만을 마쳤습니다. (0x12B)
[1202/093431.027:ERROR:process_memory_win.cc(73)] ReadMemory at 0x7ffc40adf974 of 608 bytes failed: ReadProcessMemory 또는 WriteProcessMemory의 일부 작업만을 마쳤습니다. (0x12B)
[1202/093431.027:ERROR:process_memory_win.cc(73)] ReadMemory at 0x7ffc40b6c428 of 18 bytes failed: ReadProcessMemory 또는 WriteProcessMemory의 일부 작업만을 마쳤습니다. (0x12B)
[1202/093431.027:ERROR:process_memory_win.cc(73)] ReadMemory at 0x7ffc40b9f4f8 of 40 bytes failed: ReadProcessMemory 또는 WriteProcessMemory의 일부 작업만을 마쳤습니다. (0x12B)
[1202/093431.027:ERROR:process_memory_win.cc(73)] ReadMemory at 0x7ffc40b9f978 of 48 bytes failed: ReadProcessMemory 또는 WriteProcessMemory의 일부 작업만을 마쳤습니다. (0x12B)
[1202/093431.027:ERROR:process_memory_win.cc(73)] ReadMemory at 0x7ffc40ba53c0 of 64 bytes failed: ReadProcessMemory 또는 WriteProcessMemory의 일부 작업만을 마쳤습니다. (0x12B)
[1202/093431.029:ERROR:scoped_process_suspend.cc(40)] NtResumeProcess: 기존 프로세스에 액세스하려고 했습니다. (0xc000010a)
